#
# A fatal error has been detected by the Java Runtime Environment:
#
#  EXCEPTION_ACCESS_VIOLATION (0xc0000005) at pc=0x00007ff9538bfe60, pid=29052, tid=25364
#
# JRE version: Java(TM) SE Runtime Environment (17.0.2+8) (build 17.0.2+8-LTS-86)
# Java VM: Java HotSpot(TM) 64-Bit Server VM (17.0.2+8-LTS-86, mixed mode, sharing, tiered, compressed oops, compressed class ptrs, g1 gc, windows-amd64)
# Problematic frame:
# C  [ig9icd64.dll+0x1fe60]
#
# No core dump will be written. Minidumps are not enabled by default on client versions of Windows
#
# If you would like to submit a bug report, please visit:
#   https://bugreport.java.com/bugreport/crash.jsp
# The crash happened outside the Java Virtual Machine in native code.
# See problematic frame for where to report the bug.
#

---------------  S U M M A R Y ------------

Command Line: -javaagent:D:\Program Files\itellij\IntelliJ IDEA 2021.3.3\lib\idea_rt.jar=60086:D:\Program Files\itellij\IntelliJ IDEA 2021.3.3\bin -Dfile.encoding=UTF-8 org.example.App

Host: Intel(R) Core(TM) i5-8300H CPU @ 2.30GHz, 8 cores, 15G,  Windows 10 , 64 bit Build 19041 (10.0.19041.5915)
Time: Thu Dec 25 01:09:05 2025  Windows 10 , 64 bit Build 19041 (10.0.19041.5915) elapsed time: 1.343629 seconds (0d 0h 0m 1s)

---------------  T H R E A D  ---------------

Current thread (0x00000202a5f4a600):  JavaThread "main" [_thread_in_native, id=25364, stack(0x0000007ad1e00000,0x0000007ad1f00000)]

Stack: [0x0000007ad1e00000,0x0000007ad1f00000],  sp=0x0000007ad1ef8c58,  free space=995k
Native frames: (J=compiled Java code, j=interpreted, Vv=VM code, C=native code)
C  [ig9icd64.dll+0x1fe60]

Java frames: (J=compiled Java code, j=interpreted, Vv=VM code)
j  org.lwjgl.opengl.GL20C.glCompileShader(I)V+0
j  org.lwjgl.opengl.GL20.glCompileShader(I)V+1
j  org.example.shaders.ShaderUtils.compileShader(ILjava/lang/String;)I+11
j  org.example.shaders.ShaderUtils.load(Ljava/lang/String;Ljava/lang/String;)I+13
j  org.example.Renderer.initTextures()V+11
j  org.example.Renderer.init()V+8
j  org.example.Game.loop()V+11
j  org.example.App.main([Ljava/lang/String;)V+15
v  ~StubRoutines::call_stub

siginfo: EXCEPTION_ACCESS_VIOLATION (0xc0000005), reading address 0x0000000000000010


Register to memory mapping:

RIP=0x00007ff9538bfe60 ig9icd64.dll
RAX=0x0000000000000003 is an unknown value
RBX=0x00000000fffffd76 is an unknown value
RCX=0x0 is NULL
RDX=0x0000007ad1ef93a8 is pointing into the stack for thread: 0x00000202a5f4a600
RSP=0x0000007ad1ef8c58 is pointing into the stack for thread: 0x00000202a5f4a600
RBP=0x0000007ad1ef8da0 is pointing into the stack for thread: 0x00000202a5f4a600
RSI=0x00000202d2192f50 points into unknown readable memory: 0x00000202ca1721e0 | e0 21 17 ca 02 02 00 00
RDI=0x0000007ad1ef93a8 is pointing into the stack for thread: 0x00000202a5f4a600
R8 =0x0 is NULL
R9 =0x0 is NULL
R10=0x00007ff9538a0000 ig9icd64.dll
R11=0x0000000000002710 is an unknown value
R12=0x00000000000001d8 is an unknown value
R13=0x00000202d2192f50 points into unknown readable memory: 0x00000202ca1721e0 | e0 21 17 ca 02 02 00 00
R14=0x0000007ad1efee38 is pointing into the stack for thread: 0x00000202a5f4a600
R15=0x0000000000000006 is an unknown value


Registers:
RAX=0x0000000000000003, RBX=0x00000000fffffd76, RCX=0x0000000000000000, RDX=0x0000007ad1ef93a8
RSP=0x0000007ad1ef8c58, RBP=0x0000007ad1ef8da0, RSI=0x00000202d2192f50, RDI=0x0000007ad1ef93a8
R8 =0x0000000000000000, R9 =0x0000000000000000, R10=0x00007ff9538a0000, R11=0x0000000000002710
R12=0x00000000000001d8, R13=0x00000202d2192f50, R14=0x0000007ad1efee38, R15=0x0000000000000006
RIP=0x00007ff9538bfe60, EFLAGS=0x0000000000010206

Top of Stack: (sp=0x0000007ad1ef8c58)
0x0000007ad1ef8c58:   00007ff953a7596d 00000000fffffd76
0x0000007ad1ef8c68:   00007ff953a79818 00000000000002cd
0x0000007ad1ef8c78:   0000007ad1efee38 00000202d2192f50
0x0000007ad1ef8c88:   0000000000000000 0000007ad1ef9600
0x0000007ad1ef8c98:   00007ff953a9a540 00000000fffffd76
0x0000007ad1ef8ca8:   000000000000059c 0000007ad1ef8da0
0x0000007ad1ef8cb8:   000000000000059a 0000007ad1ef9d01
0x0000007ad1ef8cc8:   0000007ad1ef9858 0000007ad1ef9d00
0x0000007ad1ef8cd8:   00000202c8af8608 0000000000000015
0x0000007ad1ef8ce8:   3ff0000000000000 00000202c8af0d88
0x0000007ad1ef8cf8:   0000000000000000 0000000000000000
0x0000007ad1ef8d08:   0000000000000000 0000000000000000
0x0000007ad1ef8d18:   0000000000000000 0000000000000000
0x0000007ad1ef8d28:   0000000000000000 0000000000000000
0x0000007ad1ef8d38:   0000000000000000 0000000000000000
0x0000007ad1ef8d48:   0000000000000000 0000000000000000 

Instructions: (pc=0x00007ff9538bfe60)
0x00007ff9538bfd60:   48 89 5c 24 08 57 48 83 ec 20 48 8d 05 8f 04 d6
0x00007ff9538bfd70:   00 48 8b f9 48 89 81 b8 00 00 00 8b da 48 8d 05
0x00007ff9538bfd80:   8c 03 d6 00 48 89 01 48 83 c1 58 e8 70 96 ff ff
0x00007ff9538bfd90:   48 8d 4f 48 e8 e7 97 ff ff 48 8d 05 e8 03 d6 00
0x00007ff9538bfda0:   48 89 07 f6 c3 01 74 0d ba d0 01 00 00 48 8b cf
0x00007ff9538bfdb0:   e8 33 bc 54 00 48 8b 5c 24 30 48 8b c7 48 83 c4
0x00007ff9538bfdc0:   20 5f c3 cc cc cc cc cc cc cc cc cc cc cc cc cc
0x00007ff9538bfdd0:   48 81 e9 b8 00 00 00 e9 84 ff ff ff cc cc cc cc
0x00007ff9538bfde0:   8b 81 9c 00 00 00 c3 cc cc cc cc cc cc cc cc cc
0x00007ff9538bfdf0:   8b 81 a4 00 00 00 c3 cc cc cc cc cc cc cc cc cc
0x00007ff9538bfe00:   0f b6 81 a0 00 00 00 c3 cc cc cc cc cc cc cc cc
0x00007ff9538bfe10:   0f b6 81 b1 00 00 00 c3 cc cc cc cc cc cc cc cc
0x00007ff9538bfe20:   48 8b 51 08 33 c9 83 8a 10 01 00 00 01 8b 82 14
0x00007ff9538bfe30:   01 00 00 ff c0 83 f8 ff 0f 44 c1 89 82 14 01 00
0x00007ff9538bfe40:   00 c3 cc cc cc cc cc cc cc cc cc cc cc cc cc cc
0x00007ff9538bfe50:   48 8b 41 08 8b d2 48 8b 84 d0 b8 01 00 00 c3 cc
0x00007ff9538bfe60:   48 8b 41 10 c3 cc cc cc cc cc cc cc cc cc cc cc
0x00007ff9538bfe70:   48 8b 41 08 48 05 88 00 00 00 c3 cc cc cc cc cc
0x00007ff9538bfe80:   48 8b 41 08 8b 80 38 02 00 00 c3 cc cc cc cc cc
0x00007ff9538bfe90:   48 8b 41 08 8b 80 3c 02 00 00 c3 cc cc cc cc cc
0x00007ff9538bfea0:   0f b6 81 8d 00 00 00 c3 cc cc cc cc cc cc cc cc
0x00007ff9538bfeb0:   ff 81 88 00 00 00 c3 cc cc cc cc cc cc cc cc cc
0x00007ff9538bfec0:   48 89 5c 24 08 57 48 83 ec 20 48 8d 05 3f 02 d6
0x00007ff9538bfed0:   00 48 8b f9 48 89 01 8b da 48 83 c1 58 e8 1e 95
0x00007ff9538bfee0:   ff ff 48 8d 4f 48 e8 95 96 ff ff 48 8d 05 96 02
0x00007ff9538bfef0:   d6 00 48 89 07 f6 c3 01 74 0d ba b8 00 00 00 48
0x00007ff9538bff00:   8b cf e8 e1 ba 54 00 48 8b 5c 24 30 48 8b c7 48
0x00007ff9538bff10:   83 c4 20 5f c3 cc cc cc cc cc cc cc cc cc cc cc
0x00007ff9538bff20:   40 53 48 83 ec 20 48 8d 05 5b 02 d6 00 48 8b d9
0x00007ff9538bff30:   48 89 01 f6 c2 01 74 0a ba 08 00 00 00 e8 a6 ba
0x00007ff9538bff40:   54 00 48 8b c3 48 83 c4 20 5b c3 cc cc cc cc cc
0x00007ff9538bff50:   48 8d 05 31 02 d6 00 48 89 01 c3 cc cc cc cc cc 


Stack slot to memory mapping:
stack at sp + 0 slots: 0x00007ff953a7596d ig9icd64.dll
stack at sp + 1 slots: 0x00000000fffffd76 is an unknown value
stack at sp + 2 slots: 0x00007ff953a79818 ig9icd64.dll
stack at sp + 3 slots: 0x00000000000002cd is an unknown value
stack at sp + 4 slots: 0x0000007ad1efee38 is pointing into the stack for thread: 0x00000202a5f4a600
stack at sp + 5 slots: 0x00000202d2192f50 points into unknown readable memory: 0x00000202ca1721e0 | e0 21 17 ca 02 02 00 00
stack at sp + 6 slots: 0x0 is NULL
stack at sp + 7 slots: 0x0000007ad1ef9600 is pointing into the stack for thread: 0x00000202a5f4a600


---------------  P R O C E S S  ---------------

Threads class SMR info:
_java_thread_list=0x00000202d2416210, length=16, elements={
0x00000202a5f4a600, 0x00000202c8c43270, 0x00000202c8c440e0, 0x00000202c8c5aca0,
0x00000202c8c5b850, 0x00000202c8c5e210, 0x00000202c8c5ebc0, 0x00000202c8c5f950,
0x00000202c8c6a410, 0x00000202c8c788e0, 0x00000202c98ac360, 0x00000202c9a78a80,
0x00000202c9a78f50, 0x00000202d225f870, 0x00000202d25dd370, 0x00000202d25dd880
}

Java Threads: ( => current thread )
=>0x00000202a5f4a600 JavaThread "main" [_thread_in_native, id=25364, stack(0x0000007ad1e00000,0x0000007ad1f00000)]
  0x00000202c8c43270 JavaThread "Reference Handler" daemon [_thread_blocked, id=22724, stack(0x0000007ad2500000,0x0000007ad2600000)]
  0x00000202c8c440e0 JavaThread "Finalizer" daemon [_thread_blocked, id=29616, stack(0x0000007ad2600000,0x0000007ad2700000)]
  0x00000202c8c5aca0 JavaThread "Signal Dispatcher" daemon [_thread_blocked, id=20740, stack(0x0000007ad2700000,0x0000007ad2800000)]
  0x00000202c8c5b850 JavaThread "Attach Listener" daemon [_thread_blocked, id=26088, stack(0x0000007ad2800000,0x0000007ad2900000)]
  0x00000202c8c5e210 JavaThread "Service Thread" daemon [_thread_blocked, id=29044, stack(0x0000007ad2900000,0x0000007ad2a00000)]
  0x00000202c8c5ebc0 JavaThread "Monitor Deflation Thread" daemon [_thread_blocked, id=12752, stack(0x0000007ad2a00000,0x0000007ad2b00000)]
  0x00000202c8c5f950 JavaThread "C2 CompilerThread0" daemon [_thread_blocked, id=26840, stack(0x0000007ad2b00000,0x0000007ad2c00000)]
  0x00000202c8c6a410 JavaThread "C1 CompilerThread0" daemon [_thread_blocked, id=27052, stack(0x0000007ad2c00000,0x0000007ad2d00000)]
  0x00000202c8c788e0 JavaThread "Sweeper thread" daemon [_thread_blocked, id=24208, stack(0x0000007ad2d00000,0x0000007ad2e00000)]
  0x00000202c98ac360 JavaThread "Common-Cleaner" daemon [_thread_blocked, id=25028, stack(0x0000007ad2e00000,0x0000007ad2f00000)]
  0x00000202c9a78a80 JavaThread "Monitor Ctrl-Break" daemon [_thread_in_native, id=7560, stack(0x0000007ad3000000,0x0000007ad3100000)]
  0x00000202c9a78f50 JavaThread "Notification Thread" daemon [_thread_blocked, id=27884, stack(0x0000007ad3100000,0x0000007ad3200000)]
  0x00000202d225f870 JavaThread "Java2D Disposer" daemon [_thread_blocked, id=21464, stack(0x0000007ad2f00000,0x0000007ad3000000)]
  0x00000202d25dd370 JavaThread "C2 CompilerThread1" daemon [_thread_blocked, id=27576, stack(0x0000007ad3900000,0x0000007ad3a00000)]
  0x00000202d25dd880 JavaThread "C2 CompilerThread2" daemon [_thread_blocked, id=24020, stack(0x0000007ad4100000,0x0000007ad4200000)]

Other Threads:
  0x00000202c8c3e670 VMThread "VM Thread" [stack: 0x0000007ad2400000,0x0000007ad2500000] [id=27520]
  0x00000202a5fb6d20 WatcherThread [stack: 0x0000007ad3200000,0x0000007ad3300000] [id=12692]
  0x00000202a5f98c50 GCTaskThread "GC Thread#0" [stack: 0x0000007ad1f00000,0x0000007ad2000000] [id=27036]
  0x00000202d23e2680 GCTaskThread "GC Thread#1" [stack: 0x0000007ad3a00000,0x0000007ad3b00000] [id=19808]
  0x00000202ca34b6e0 GCTaskThread "GC Thread#2" [stack: 0x0000007ad3b00000,0x0000007ad3c00000] [id=28264]
  0x00000202d21e85d0 GCTaskThread "GC Thread#3" [stack: 0x0000007ad3c00000,0x0000007ad3d00000] [id=8320]
  0x00000202d21e8880 GCTaskThread "GC Thread#4" [stack: 0x0000007ad3d00000,0x0000007ad3e00000] [id=28228]
  0x00000202d21bb020 GCTaskThread "GC Thread#5" [stack: 0x0000007ad3e00000,0x0000007ad3f00000] [id=29484]
  0x00000202d210c8b0 GCTaskThread "GC Thread#6" [stack: 0x0000007ad3f00000,0x0000007ad4000000] [id=28968]
  0x00000202ca340a50 GCTaskThread "GC Thread#7" [stack: 0x0000007ad4000000,0x0000007ad4100000] [id=29292]
  0x00000202a5faa9b0 ConcurrentGCThread "G1 Main Marker" [stack: 0x0000007ad2000000,0x0000007ad2100000] [id=28868]
  0x00000202a5fab3c0 ConcurrentGCThread "G1 Conc#0" [stack: 0x0000007ad2100000,0x0000007ad2200000] [id=26420]
  0x00000202a601e570 ConcurrentGCThread "G1 Refine#0" [stack: 0x0000007ad2200000,0x0000007ad2300000] [id=24724]
  0x00000202c8afa100 ConcurrentGCThread "G1 Service" [stack: 0x0000007ad2300000,0x0000007ad2400000] [id=1436]

Threads with active compile tasks:

VM state: not at safepoint (normal execution)

VM Mutex/Monitor currently owned by a thread: None

Heap address: 0x0000000701e00000, size: 4066 MB, Compressed Oops mode: Zero based, Oop shift amount: 3

CDS archive(s) mapped at: [0x0000000800000000-0x0000000800bc0000-0x0000000800bc0000), size 12320768, SharedBaseAddress: 0x0000000800000000, ArchiveRelocationMode: 0.
Compressed class space mapped at: 0x0000000800c00000-0x0000000840c00000, reserved size: 1073741824
Narrow klass base: 0x0000000800000000, Narrow klass shift: 0, Narrow klass range: 0x100000000

GC Precious Log:
 CPUs: 8 total, 8 available
 Memory: 16258M
 Large Page Support: Disabled
 NUMA Support: Disabled
 Compressed Oops: Enabled (Zero based)
 Heap Region Size: 2M
 Heap Min Capacity: 8M
 Heap Initial Capacity: 256M
 Heap Max Capacity: 4066M
 Pre-touch: Disabled
 Parallel Workers: 8
 Concurrent Workers: 2
 Concurrent Refinement Workers: 8
 Periodic GC: Disabled

Heap:
 garbage-first heap   total 262144K, used 12757K [0x0000000701e00000, 0x0000000800000000)
  region size 2048K, 7 young (14336K), 2 survivors (4096K)
 Metaspace       used 8354K, committed 8576K, reserved 1064960K
  class space    used 505K, committed 640K, reserved 1048576K

Heap Regions: E=young(eden), S=young(survivor), O=old, HS=humongous(starts), HC=humongous(continues), CS=collection set, F=free, OA=open archive, CA=closed archive, TAMS=top-at-mark-start (previous, next)
|   0|0x0000000701e00000, 0x0000000702000000, 0x0000000702000000|100%|HS|  |TAMS 0x0000000701e00000, 0x0000000701e00000| Complete 
|   1|0x0000000702000000, 0x0000000702000000, 0x0000000702200000|  0%| F|  |TAMS 0x0000000702000000, 0x0000000702000000| Untracked 
|   2|0x0000000702200000, 0x0000000702200000, 0x0000000702400000|  0%| F|  |TAMS 0x0000000702200000, 0x0000000702200000| Untracked 
|   3|0x0000000702400000, 0x0000000702400000, 0x0000000702600000|  0%| F|  |TAMS 0x0000000702400000, 0x0000000702400000| Untracked 
|   4|0x0000000702600000, 0x0000000702600000, 0x0000000702800000|  0%| F|  |TAMS 0x0000000702600000, 0x0000000702600000| Untracked 
|   5|0x0000000702800000, 0x0000000702800000, 0x0000000702a00000|  0%| F|  |TAMS 0x0000000702800000, 0x0000000702800000| Untracked 
|   6|0x0000000702a00000, 0x0000000702a00000, 0x0000000702c00000|  0%| F|  |TAMS 0x0000000702a00000, 0x0000000702a00000| Untracked 
|   7|0x0000000702c00000, 0x0000000702c00000, 0x0000000702e00000|  0%| F|  |TAMS 0x0000000702c00000, 0x0000000702c00000| Untracked 
|   8|0x0000000702e00000, 0x0000000702e00000, 0x0000000703000000|  0%| F|  |TAMS 0x0000000702e00000, 0x0000000702e00000| Untracked 
|   9|0x0000000703000000, 0x0000000703000000, 0x0000000703200000|  0%| F|  |TAMS 0x0000000703000000, 0x0000000703000000| Untracked 
|  10|0x0000000703200000, 0x0000000703200000, 0x0000000703400000|  0%| F|  |TAMS 0x0000000703200000, 0x0000000703200000| Untracked 
|  11|0x0000000703400000, 0x0000000703400000, 0x0000000703600000|  0%| F|  |TAMS 0x0000000703400000, 0x0000000703400000| Untracked 
|  12|0x0000000703600000, 0x0000000703600000, 0x0000000703800000|  0%| F|  |TAMS 0x0000000703600000, 0x0000000703600000| Untracked 
|  13|0x0000000703800000, 0x0000000703800000, 0x0000000703a00000|  0%| F|  |TAMS 0x0000000703800000, 0x0000000703800000| Untracked 
|  14|0x0000000703a00000, 0x0000000703a00000, 0x0000000703c00000|  0%| F|  |TAMS 0x0000000703a00000, 0x0000000703a00000| Untracked 
|  15|0x0000000703c00000, 0x0000000703c00000, 0x0000000703e00000|  0%| F|  |TAMS 0x0000000703c00000, 0x0000000703c00000| Untracked 
|  16|0x0000000703e00000, 0x0000000703e00000, 0x0000000704000000|  0%| F|  |TAMS 0x0000000703e00000, 0x0000000703e00000| Untracked 
|  17|0x0000000704000000, 0x0000000704000000, 0x0000000704200000|  0%| F|  |TAMS 0x0000000704000000, 0x0000000704000000| Untracked 
|  18|0x0000000704200000, 0x0000000704200000, 0x0000000704400000|  0%| F|  |TAMS 0x0000000704200000, 0x0000000704200000| Untracked 
|  19|0x0000000704400000, 0x0000000704400000, 0x0000000704600000|  0%| F|  |TAMS 0x0000000704400000, 0x0000000704400000| Untracked 
|  20|0x0000000704600000, 0x0000000704600000, 0x0000000704800000|  0%| F|  |TAMS 0x0000000704600000, 0x0000000704600000| Untracked 
|  21|0x0000000704800000, 0x0000000704800000, 0x0000000704a00000|  0%| F|  |TAMS 0x0000000704800000, 0x0000000704800000| Untracked 
|  22|0x0000000704a00000, 0x0000000704a00000, 0x0000000704c00000|  0%| F|  |TAMS 0x0000000704a00000, 0x0000000704a00000| Untracked 
|  23|0x0000000704c00000, 0x0000000704c00000, 0x0000000704e00000|  0%| F|  |TAMS 0x0000000704c00000, 0x0000000704c00000| Untracked 
|  24|0x0000000704e00000, 0x0000000704e00000, 0x0000000705000000|  0%| F|  |TAMS 0x0000000704e00000, 0x0000000704e00000| Untracked 
|  25|0x0000000705000000, 0x0000000705000000, 0x0000000705200000|  0%| F|  |TAMS 0x0000000705000000, 0x0000000705000000| Untracked 
|  26|0x0000000705200000, 0x0000000705200000, 0x0000000705400000|  0%| F|  |TAMS 0x0000000705200000, 0x0000000705200000| Untracked 
|  27|0x0000000705400000, 0x0000000705400000, 0x0000000705600000|  0%| F|  |TAMS 0x0000000705400000, 0x0000000705400000| Untracked 
|  28|0x0000000705600000, 0x0000000705600000, 0x0000000705800000|  0%| F|  |TAMS 0x0000000705600000, 0x0000000705600000| Untracked 
|  29|0x0000000705800000, 0x0000000705800000, 0x0000000705a00000|  0%| F|  |TAMS 0x0000000705800000, 0x0000000705800000| Untracked 
|  30|0x0000000705a00000, 0x0000000705a00000, 0x0000000705c00000|  0%| F|  |TAMS 0x0000000705a00000, 0x0000000705a00000| Untracked 
|  31|0x0000000705c00000, 0x0000000705c00000, 0x0000000705e00000|  0%| F|  |TAMS 0x0000000705c00000, 0x0000000705c00000| Untracked 
|  32|0x0000000705e00000, 0x0000000705e00000, 0x0000000706000000|  0%| F|  |TAMS 0x0000000705e00000, 0x0000000705e00000| Untracked 
|  33|0x0000000706000000, 0x0000000706000000, 0x0000000706200000|  0%| F|  |TAMS 0x0000000706000000, 0x0000000706000000| Untracked 
|  34|0x0000000706200000, 0x0000000706200000, 0x0000000706400000|  0%| F|  |TAMS 0x0000000706200000, 0x0000000706200000| Untracked 
|  35|0x0000000706400000, 0x0000000706400000, 0x0000000706600000|  0%| F|  |TAMS 0x0000000706400000, 0x0000000706400000| Untracked 
|  36|0x0000000706600000, 0x0000000706600000, 0x0000000706800000|  0%| F|  |TAMS 0x0000000706600000, 0x0000000706600000| Untracked 
|  37|0x0000000706800000, 0x0000000706800000, 0x0000000706a00000|  0%| F|  |TAMS 0x0000000706800000, 0x0000000706800000| Untracked 
|  38|0x0000000706a00000, 0x0000000706a00000, 0x0000000706c00000|  0%| F|  |TAMS 0x0000000706a00000, 0x0000000706a00000| Untracked 
|  39|0x0000000706c00000, 0x0000000706c00000, 0x0000000706e00000|  0%| F|  |TAMS 0x0000000706c00000, 0x0000000706c00000| Untracked 
|  40|0x0000000706e00000, 0x0000000706e00000, 0x0000000707000000|  0%| F|  |TAMS 0x0000000706e00000, 0x0000000706e00000| Untracked 
|  41|0x0000000707000000, 0x0000000707000000, 0x0000000707200000|  0%| F|  |TAMS 0x0000000707000000, 0x0000000707000000| Untracked 
|  42|0x0000000707200000, 0x0000000707200000, 0x0000000707400000|  0%| F|  |TAMS 0x0000000707200000, 0x0000000707200000| Untracked 
|  43|0x0000000707400000, 0x0000000707400000, 0x0000000707600000|  0%| F|  |TAMS 0x0000000707400000, 0x0000000707400000| Untracked 
|  44|0x0000000707600000, 0x0000000707600000, 0x0000000707800000|  0%| F|  |TAMS 0x0000000707600000, 0x0000000707600000| Untracked 
|  45|0x0000000707800000, 0x0000000707800000, 0x0000000707a00000|  0%| F|  |TAMS 0x0000000707800000, 0x0000000707800000| Untracked 
|  46|0x0000000707a00000, 0x0000000707a00000, 0x0000000707c00000|  0%| F|  |TAMS 0x0000000707a00000, 0x0000000707a00000| Untracked 
|  47|0x0000000707c00000, 0x0000000707c00000, 0x0000000707e00000|  0%| F|  |TAMS 0x0000000707c00000, 0x0000000707c00000| Untracked 
|  48|0x0000000707e00000, 0x0000000707e00000, 0x0000000708000000|  0%| F|  |TAMS 0x0000000707e00000, 0x0000000707e00000| Untracked 
|  49|0x0000000708000000, 0x0000000708000000, 0x0000000708200000|  0%| F|  |TAMS 0x0000000708000000, 0x0000000708000000| Untracked 
|  50|0x0000000708200000, 0x0000000708200000, 0x0000000708400000|  0%| F|  |TAMS 0x0000000708200000, 0x0000000708200000| Untracked 
|  51|0x0000000708400000, 0x0000000708400000, 0x0000000708600000|  0%| F|  |TAMS 0x0000000708400000, 0x0000000708400000| Untracked 
|  52|0x0000000708600000, 0x0000000708600000, 0x0000000708800000|  0%| F|  |TAMS 0x0000000708600000, 0x0000000708600000| Untracked 
|  53|0x0000000708800000, 0x0000000708800000, 0x0000000708a00000|  0%| F|  |TAMS 0x0000000708800000, 0x0000000708800000| Untracked 
|  54|0x0000000708a00000, 0x0000000708a00000, 0x0000000708c00000|  0%| F|  |TAMS 0x0000000708a00000, 0x0000000708a00000| Untracked 
|  55|0x0000000708c00000, 0x0000000708c00000, 0x0000000708e00000|  0%| F|  |TAMS 0x0000000708c00000, 0x0000000708c00000| Untracked 
|  56|0x0000000708e00000, 0x0000000708e00000, 0x0000000709000000|  0%| F|  |TAMS 0x0000000708e00000, 0x0000000708e00000| Untracked 
|  57|0x0000000709000000, 0x0000000709000000, 0x0000000709200000|  0%| F|  |TAMS 0x0000000709000000, 0x0000000709000000| Untracked 
|  58|0x0000000709200000, 0x0000000709200000, 0x0000000709400000|  0%| F|  |TAMS 0x0000000709200000, 0x0000000709200000| Untracked 
|  59|0x0000000709400000, 0x0000000709400000, 0x0000000709600000|  0%| F|  |TAMS 0x0000000709400000, 0x0000000709400000| Untracked 
|  60|0x0000000709600000, 0x0000000709600000, 0x0000000709800000|  0%| F|  |TAMS 0x0000000709600000, 0x0000000709600000| Untracked 
|  61|0x0000000709800000, 0x0000000709800000, 0x0000000709a00000|  0%| F|  |TAMS 0x0000000709800000, 0x0000000709800000| Untracked 
|  62|0x0000000709a00000, 0x0000000709a00000, 0x0000000709c00000|  0%| F|  |TAMS 0x0000000709a00000, 0x0000000709a00000| Untracked 
|  63|0x0000000709c00000, 0x0000000709c00000, 0x0000000709e00000|  0%| F|  |TAMS 0x0000000709c00000, 0x0000000709c00000| Untracked 
|  64|0x0000000709e00000, 0x0000000709e00000, 0x000000070a000000|  0%| F|  |TAMS 0x0000000709e00000, 0x0000000709e00000| Untracked 
|  65|0x000000070a000000, 0x000000070a000000, 0x000000070a200000|  0%| F|  |TAMS 0x000000070a000000, 0x000000070a000000| Untracked 
|  66|0x000000070a200000, 0x000000070a200000, 0x000000070a400000|  0%| F|  |TAMS 0x000000070a200000, 0x000000070a200000| Untracked 
|  67|0x000000070a400000, 0x000000070a400000, 0x000000070a600000|  0%| F|  |TAMS 0x000000070a400000, 0x000000070a400000| Untracked 
|  68|0x000000070a600000, 0x000000070a600000, 0x000000070a800000|  0%| F|  |TAMS 0x000000070a600000, 0x000000070a600000| Untracked 
|  69|0x000000070a800000, 0x000000070a800000, 0x000000070aa00000|  0%| F|  |TAMS 0x000000070a800000, 0x000000070a800000| Untracked 
|  70|0x000000070aa00000, 0x000000070aa00000, 0x000000070ac00000|  0%| F|  |TAMS 0x000000070aa00000, 0x000000070aa00000| Untracked 
|  71|0x000000070ac00000, 0x000000070ac00000, 0x000000070ae00000|  0%| F|  |TAMS 0x000000070ac00000, 0x000000070ac00000| Untracked 
|  72|0x000000070ae00000, 0x000000070ae00000, 0x000000070b000000|  0%| F|  |TAMS 0x000000070ae00000, 0x000000070ae00000| Untracked 
|  73|0x000000070b000000, 0x000000070b000000, 0x000000070b200000|  0%| F|  |TAMS 0x000000070b000000, 0x000000070b000000| Untracked 
|  74|0x000000070b200000, 0x000000070b200000, 0x000000070b400000|  0%| F|  |TAMS 0x000000070b200000, 0x000000070b200000| Untracked 
|  75|0x000000070b400000, 0x000000070b400000, 0x000000070b600000|  0%| F|  |TAMS 0x000000070b400000, 0x000000070b400000| Untracked 
|  76|0x000000070b600000, 0x000000070b600000, 0x000000070b800000|  0%| F|  |TAMS 0x000000070b600000, 0x000000070b600000| Untracked 
|  77|0x000000070b800000, 0x000000070b800000, 0x000000070ba00000|  0%| F|  |TAMS 0x000000070b800000, 0x000000070b800000| Untracked 
|  78|0x000000070ba00000, 0x000000070ba00000, 0x000000070bc00000|  0%| F|  |TAMS 0x000000070ba00000, 0x000000070ba00000| Untracked 
|  79|0x000000070bc00000, 0x000000070bc00000, 0x000000070be00000|  0%| F|  |TAMS 0x000000070bc00000, 0x000000070bc00000| Untracked 
|  80|0x000000070be00000, 0x000000070be00000, 0x000000070c000000|  0%| F|  |TAMS 0x000000070be00000, 0x000000070be00000| Untracked 
|  81|0x000000070c000000, 0x000000070c000000, 0x000000070c200000|  0%| F|  |TAMS 0x000000070c000000, 0x000000070c000000| Untracked 
|  82|0x000000070c200000, 0x000000070c200000, 0x000000070c400000|  0%| F|  |TAMS 0x000000070c200000, 0x000000070c200000| Untracked 
|  83|0x000000070c400000, 0x000000070c400000, 0x000000070c600000|  0%| F|  |TAMS 0x000000070c400000, 0x000000070c400000| Untracked 
|  84|0x000000070c600000, 0x000000070c600000, 0x000000070c800000|  0%| F|  |TAMS 0x000000070c600000, 0x000000070c600000| Untracked 
|  85|0x000000070c800000, 0x000000070c800000, 0x000000070ca00000|  0%| F|  |TAMS 0x000000070c800000, 0x000000070c800000| Untracked 
|  86|0x000000070ca00000, 0x000000070ca00000, 0x000000070cc00000|  0%| F|  |TAMS 0x000000070ca00000, 0x000000070ca00000| Untracked 
|  87|0x000000070cc00000, 0x000000070cc00000, 0x000000070ce00000|  0%| F|  |TAMS 0x000000070cc00000, 0x000000070cc00000| Untracked 
|  88|0x000000070ce00000, 0x000000070ce00000, 0x000000070d000000|  0%| F|  |TAMS 0x000000070ce00000, 0x000000070ce00000| Untracked 
|  89|0x000000070d000000, 0x000000070d000000, 0x000000070d200000|  0%| F|  |TAMS 0x000000070d000000, 0x000000070d000000| Untracked 
|  90|0x000000070d200000, 0x000000070d200000, 0x000000070d400000|  0%| F|  |TAMS 0x000000070d200000, 0x000000070d200000| Untracked 
|  91|0x000000070d400000, 0x000000070d400000, 0x000000070d600000|  0%| F|  |TAMS 0x000000070d400000, 0x000000070d400000| Untracked 
|  92|0x000000070d600000, 0x000000070d600000, 0x000000070d800000|  0%| F|  |TAMS 0x000000070d600000, 0x000000070d600000| Untracked 
|  93|0x000000070d800000, 0x000000070d800000, 0x000000070da00000|  0%| F|  |TAMS 0x000000070d800000, 0x000000070d800000| Untracked 
|  94|0x000000070da00000, 0x000000070da00000, 0x000000070dc00000|  0%| F|  |TAMS 0x000000070da00000, 0x000000070da00000| Untracked 
|  95|0x000000070dc00000, 0x000000070dc00000, 0x000000070de00000|  0%| F|  |TAMS 0x000000070dc00000, 0x000000070dc00000| Untracked 
|  96|0x000000070de00000, 0x000000070de00000, 0x000000070e000000|  0%| F|  |TAMS 0x000000070de00000, 0x000000070de00000| Untracked 
|  97|0x000000070e000000, 0x000000070e000000, 0x000000070e200000|  0%| F|  |TAMS 0x000000070e000000, 0x000000070e000000| Untracked 
|  98|0x000000070e200000, 0x000000070e200000, 0x000000070e400000|  0%| F|  |TAMS 0x000000070e200000, 0x000000070e200000| Untracked 
|  99|0x000000070e400000, 0x000000070e400000, 0x000000070e600000|  0%| F|  |TAMS 0x000000070e400000, 0x000000070e400000| Untracked 
| 100|0x000000070e600000, 0x000000070e600000, 0x000000070e800000|  0%| F|  |TAMS 0x000000070e600000, 0x000000070e600000| Untracked 
| 101|0x000000070e800000, 0x000000070e800000, 0x000000070ea00000|  0%| F|  |TAMS 0x000000070e800000, 0x000000070e800000| Untracked 
| 102|0x000000070ea00000, 0x000000070ea00000, 0x000000070ec00000|  0%| F|  |TAMS 0x000000070ea00000, 0x000000070ea00000| Untracked 
| 103|0x000000070ec00000, 0x000000070ec00000, 0x000000070ee00000|  0%| F|  |TAMS 0x000000070ec00000, 0x000000070ec00000| Untracked 
| 104|0x000000070ee00000, 0x000000070ee00000, 0x000000070f000000|  0%| F|  |TAMS 0x000000070ee00000, 0x000000070ee00000| Untracked 
| 105|0x000000070f000000, 0x000000070f000000, 0x000000070f200000|  0%| F|  |TAMS 0x000000070f000000, 0x000000070f000000| Untracked 
| 106|0x000000070f200000, 0x000000070f200000, 0x000000070f400000|  0%| F|  |TAMS 0x000000070f200000, 0x000000070f200000| Untracked 
| 107|0x000000070f400000, 0x000000070f400000, 0x000000070f600000|  0%| F|  |TAMS 0x000000070f400000, 0x000000070f400000| Untracked 
| 108|0x000000070f600000, 0x000000070f600000, 0x000000070f800000|  0%| F|  |TAMS 0x000000070f600000, 0x000000070f600000| Untracked 
| 109|0x000000070f800000, 0x000000070f800000, 0x000000070fa00000|  0%| F|  |TAMS 0x000000070f800000, 0x000000070f800000| Untracked 
| 110|0x000000070fa00000, 0x000000070fa00000, 0x000000070fc00000|  0%| F|  |TAMS 0x000000070fa00000, 0x000000070fa00000| Untracked 
| 111|0x000000070fc00000, 0x000000070fc00000, 0x000000070fe00000|  0%| F|  |TAMS 0x000000070fc00000, 0x000000070fc00000| Untracked 
| 112|0x000000070fe00000, 0x000000070fe00000, 0x0000000710000000|  0%| F|  |TAMS 0x000000070fe00000, 0x000000070fe00000| Untracked 
| 113|0x0000000710000000, 0x0000000710000000, 0x0000000710200000|  0%| F|  |TAMS 0x0000000710000000, 0x0000000710000000| Untracked 
| 114|0x0000000710200000, 0x0000000710200000, 0x0000000710400000|  0%| F|  |TAMS 0x0000000710200000, 0x0000000710200000| Untracked 
| 115|0x0000000710400000, 0x0000000710475538, 0x0000000710600000| 22%| S|CS|TAMS 0x0000000710400000, 0x0000000710400000| Complete 
| 116|0x0000000710600000, 0x0000000710800000, 0x0000000710800000|100%| S|CS|TAMS 0x0000000710600000, 0x0000000710600000| Complete 
| 117|0x0000000710800000, 0x0000000710800000, 0x0000000710a00000|  0%| F|  |TAMS 0x0000000710800000, 0x0000000710800000| Untracked 
| 118|0x0000000710a00000, 0x0000000710a00000, 0x0000000710c00000|  0%| F|  |TAMS 0x0000000710a00000, 0x0000000710a00000| Untracked 
| 119|0x0000000710c00000, 0x0000000710c00000, 0x0000000710e00000|  0%| F|  |TAMS 0x0000000710c00000, 0x0000000710c00000| Untracked 
| 120|0x0000000710e00000, 0x0000000710e00000, 0x0000000711000000|  0%| F|  |TAMS 0x0000000710e00000, 0x0000000710e00000| Untracked 
| 121|0x0000000711000000, 0x0000000711000000, 0x0000000711200000|  0%| F|  |TAMS 0x0000000711000000, 0x0000000711000000| Untracked 
| 122|0x0000000711200000, 0x0000000711200000, 0x0000000711400000|  0%| F|  |TAMS 0x0000000711200000, 0x0000000711200000| Untracked 
| 123|0x0000000711400000, 0x00000007114b8d50, 0x0000000711600000| 36%| E|  |TAMS 0x0000000711400000, 0x0000000711400000| Complete 
| 124|0x0000000711600000, 0x0000000711800000, 0x0000000711800000|100%| E|CS|TAMS 0x0000000711600000, 0x0000000711600000| Complete 
| 125|0x0000000711800000, 0x0000000711a00000, 0x0000000711a00000|100%| E|CS|TAMS 0x0000000711800000, 0x0000000711800000| Complete 
| 126|0x0000000711a00000, 0x0000000711c00000, 0x0000000711c00000|100%| E|CS|TAMS 0x0000000711a00000, 0x0000000711a00000| Complete 
| 127|0x0000000711c00000, 0x0000000711e00000, 0x0000000711e00000|100%| E|CS|TAMS 0x0000000711c00000, 0x0000000711c00000| Complete 

Card table byte_map: [0x00000202bd2e0000,0x00000202bdae0000] _byte_map_base: 0x00000202b9ad1000

Marking Bits (Prev, Next): (CMBitMap*) 0x00000202a5f9a270, (CMBitMap*) 0x00000202a5f9a2b0
 Prev Bits: [0x00000202be2e0000, 0x00000202c2268000)
 Next Bits: [0x00000202c2270000, 0x00000202c61f8000)

Polling page: 0x00000202a5720000

Metaspace:

Usage:
  Non-class:      7.66 MB used.
      Class:    505.52 KB used.
       Both:      8.16 MB used.

Virtual space:
  Non-class space:       16.00 MB reserved,       7.75 MB ( 48%) committed,  2 nodes.
      Class space:        1.00 GB reserved,     640.00 KB ( <1%) committed,  1 nodes.
             Both:        1.02 GB reserved,       8.38 MB ( <1%) committed. 

Chunk freelists:
   Non-Class:  3.56 MB
       Class:  3.23 MB
        Both:  6.80 MB

MaxMetaspaceSize: unlimited
CompressedClassSpaceSize: 1.00 GB
Initial GC threshold: 21.00 MB
Current GC threshold: 21.00 MB
CDS: on
MetaspaceReclaimPolicy: balanced
 - commit_granule_bytes: 65536.
 - commit_granule_words: 8192.
 - virtual_space_node_default_size: 1048576.
 - enlarge_chunks_in_place: 1.
 - new_chunks_are_fully_committed: 0.
 - uncommit_free_chunks: 1.
 - use_allocation_guard: 0.
 - handle_deallocations: 1.


Internal statistics:

num_allocs_failed_limit: 0.
num_arena_births: 134.
num_arena_deaths: 0.
num_vsnodes_births: 3.
num_vsnodes_deaths: 0.
num_space_committed: 132.
num_space_uncommitted: 0.
num_chunks_returned_to_freelist: 0.
num_chunks_taken_from_freelist: 329.
num_chunk_merges: 0.
num_chunk_splits: 229.
num_chunks_enlarged: 166.
num_purges: 0.
num_inconsistent_stats: 0.

CodeHeap 'non-profiled nmethods': size=120000Kb used=377Kb max_used=377Kb free=119622Kb
 bounds [0x00000202b5270000, 0x00000202b54e0000, 0x00000202bc7a0000]
CodeHeap 'profiled nmethods': size=120000Kb used=1771Kb max_used=1771Kb free=118228Kb
 bounds [0x00000202add40000, 0x00000202adfb0000, 0x00000202b5270000]
CodeHeap 'non-nmethods': size=5760Kb used=1726Kb max_used=1755Kb free=4033Kb
 bounds [0x00000202ad7a0000, 0x00000202ada10000, 0x00000202add40000]
 total_blobs=2298 nmethods=1101 adapters=1110
 compilation: enabled
              stopped_count=0, restarted_count=0
 full_count=0

Compilation events (20 events):
Event: 1.319 Thread 0x00000202d25dd880 1081       4       org.example.mesh.GlbMesh::appendVertex (40 bytes)
Event: 1.319 Thread 0x00000202c8c5f950 nmethod 1090 0x00000202b52cc590 code [0x00000202b52cc740, 0x00000202b52ccb58]
Event: 1.321 Thread 0x00000202d25dd370 nmethod 1093 0x00000202b52cd110 code [0x00000202b52cd2a0, 0x00000202b52cd498]
Event: 1.322 Thread 0x00000202d25dd880 nmethod 1081 0x00000202b52cd810 code [0x00000202b52cd9a0, 0x00000202b52cdc18]
Event: 1.326 Thread 0x00000202c8c6a410 1094       3       java.net.URI::match (56 bytes)
Event: 1.326 Thread 0x00000202c8c6a410 nmethod 1094 0x00000202adef8890 code [0x00000202adef8a40, 0x00000202adef8d58]
Event: 1.326 Thread 0x00000202c8c5f950 1095       4       java.nio.ByteBuffer::position (8 bytes)
Event: 1.326 Thread 0x00000202c8c6a410 1096       3       java.util.concurrent.ConcurrentHashMap$BaseIterator::<init> (21 bytes)
Event: 1.326 Thread 0x00000202c8c6a410 nmethod 1096 0x00000202adef8e10 code [0x00000202adef8fc0, 0x00000202adef91b8]
Event: 1.326 Thread 0x00000202c8c6a410 1097       3       java.util.concurrent.ConcurrentHashMap$Traverser::<init> (36 bytes)
Event: 1.326 Thread 0x00000202c8c6a410 nmethod 1097 0x00000202adef9290 code [0x00000202adef9420, 0x00000202adef9638]
Event: 1.326 Thread 0x00000202c8c6a410 1098       3       java.lang.invoke.MethodHandles$Lookup::checkSymbolicClass (25 bytes)
Event: 1.326 Thread 0x00000202c8c6a410 nmethod 1098 0x00000202adef9710 code [0x00000202adef98e0, 0x00000202adef9b48]
Event: 1.326 Thread 0x00000202c8c6a410 1099       1       java.util.zip.ZipEntry::getName (5 bytes)
Event: 1.326 Thread 0x00000202c8c5f950 nmethod 1095 0x00000202b52ce010 code [0x00000202b52ce180, 0x00000202b52ce258]
Event: 1.327 Thread 0x00000202c8c6a410 nmethod 1099 0x00000202b52ce390 code [0x00000202b52ce520, 0x00000202b52ce5f8]
Event: 1.327 Thread 0x00000202c8c6a410 1101       3       java.lang.invoke.MethodType::toMethodDescriptorString (28 bytes)
Event: 1.327 Thread 0x00000202c8c6a410 nmethod 1101 0x00000202adef9c90 code [0x00000202adef9e40, 0x00000202adefa028]
Event: 1.327 Thread 0x00000202c8c6a410 1100       3       jdk.internal.org.objectweb.asm.MethodVisitor::<init> (88 bytes)
Event: 1.327 Thread 0x00000202c8c6a410 nmethod 1100 0x00000202adefa110 code [0x00000202adefa360, 0x00000202adefac48]

GC Heap History (2 events):
Event: 0.797 GC heap before
{Heap before GC invocations=0 (full 0):
 garbage-first heap   total 262144K, used 22528K [0x0000000701e00000, 0x0000000800000000)
  region size 2048K, 11 young (22528K), 0 survivors (0K)
 Metaspace       used 7270K, committed 7488K, reserved 1056768K
  class space    used 469K, committed 576K, reserved 1048576K
}
Event: 0.800 GC heap after
{Heap after GC invocations=1 (full 0):
 garbage-first heap   total 262144K, used 4565K [0x0000000701e00000, 0x0000000800000000)
  region size 2048K, 2 young (4096K), 2 survivors (4096K)
 Metaspace       used 7270K, committed 7488K, reserved 1056768K
  class space    used 469K, committed 576K, reserved 1048576K
}

Deoptimization events (20 events):
Event: 0.751 Thread 0x00000202a5f4a600 DEOPT PACKING pc=0x00000202adea26b8 sp=0x0000007ad1efeba0
Event: 0.751 Thread 0x00000202a5f4a600 DEOPT UNPACKING pc=0x00000202ad7f2b43 sp=0x0000007ad1efe0a8 mode 0
Event: 0.752 Thread 0x00000202a5f4a600 DEOPT PACKING pc=0x00000202adea26b8 sp=0x0000007ad1efeba0
Event: 0.752 Thread 0x00000202a5f4a600 DEOPT UNPACKING pc=0x00000202ad7f2b43 sp=0x0000007ad1efe0a8 mode 0
Event: 0.752 Thread 0x00000202a5f4a600 DEOPT PACKING pc=0x00000202adea26b8 sp=0x0000007ad1efeba0
Event: 0.752 Thread 0x00000202a5f4a600 DEOPT UNPACKING pc=0x00000202ad7f2b43 sp=0x0000007ad1efe0a8 mode 0
Event: 0.753 Thread 0x00000202a5f4a600 DEOPT PACKING pc=0x00000202adea26b8 sp=0x0000007ad1efeb50
Event: 0.753 Thread 0x00000202a5f4a600 DEOPT UNPACKING pc=0x00000202ad7f2b43 sp=0x0000007ad1efe058 mode 0
Event: 0.753 Thread 0x00000202a5f4a600 DEOPT PACKING pc=0x00000202adea26b8 sp=0x0000007ad1efebb0
Event: 0.753 Thread 0x00000202a5f4a600 DEOPT UNPACKING pc=0x00000202ad7f2b43 sp=0x0000007ad1efe0b8 mode 0
Event: 0.801 Thread 0x00000202a5f4a600 DEOPT PACKING pc=0x00000202adeb7a0e sp=0x0000007ad1eff3d0
Event: 0.801 Thread 0x00000202a5f4a600 DEOPT UNPACKING pc=0x00000202ad7f2b43 sp=0x0000007ad1efe8c0 mode 0
Event: 0.808 Thread 0x00000202a5f4a600 Uncommon trap: trap_request=0xffffff45 fr.pc=0x00000202b52bd870 relative=0x0000000000000d70
Event: 0.808 Thread 0x00000202a5f4a600 Uncommon trap: reason=unstable_if action=reinterpret pc=0x00000202b52bd870 method=texture.Texture.loadTextureData()Ljava/nio/ByteBuffer; @ 47 c2
Event: 0.808 Thread 0x00000202a5f4a600 DEOPT PACKING pc=0x00000202b52bd870 sp=0x0000007ad1eff410
Event: 0.808 Thread 0x00000202a5f4a600 DEOPT UNPACKING pc=0x00000202ad7f23a3 sp=0x0000007ad1eff3c8 mode 2
Event: 0.894 Thread 0x00000202a5f4a600 DEOPT PACKING pc=0x00000202adec8c0f sp=0x0000007ad1efe3d0
Event: 0.894 Thread 0x00000202a5f4a600 DEOPT UNPACKING pc=0x00000202ad7f2b43 sp=0x0000007ad1efd7f0 mode 0
Event: 0.896 Thread 0x00000202a5f4a600 DEOPT PACKING pc=0x00000202addfc552 sp=0x0000007ad1efe3a0
Event: 0.896 Thread 0x00000202a5f4a600 DEOPT UNPACKING pc=0x00000202ad7f2b43 sp=0x0000007ad1efd838 mode 0

Classes unloaded (0 events):
No events

Classes redefined (0 events):
No events

Internal exceptions (20 events):
Event: 0.213 Thread 0x00000202a5f4a600 Exception <a 'java/lang/NoSuchMethodError'{0x00000007119b8b90}: 'int java.lang.invoke.DirectMethodHandle$Holder.invokeStaticInit(java.lang.Object, java.lang.Object, int, long)'> (0x00000007119b8b90) 
thrown [t:\workspace\open\src\hotspot\share\interpreter\linkResolver.cpp, line 766]
Event: 0.214 Thread 0x00000202a5f4a600 Exception <a 'java/lang/NoSuchMethodError'{0x00000007119be700}: 'java.lang.Object java.lang.invoke.DirectMethodHandle$Holder.newInvokeSpecial(java.lang.Object, java.lang.Object, int)'> (0x00000007119be700) 
thrown [t:\workspace\open\src\hotspot\share\interpreter\linkResolver.cpp, line 766]
Event: 0.215 Thread 0x00000202a5f4a600 Exception <a 'java/lang/NoSuchMethodError'{0x00000007119cd768}: 'int java.lang.invoke.DirectMethodHandle$Holder.invokeStaticInit(java.lang.Object, java.lang.Object, long, long)'> (0x00000007119cd768) 
thrown [t:\workspace\open\src\hotspot\share\interpreter\linkResolver.cpp, line 766]
Event: 0.216 Thread 0x00000202a5f4a600 Exception <a 'java/lang/NoSuchMethodError'{0x00000007119d3b20}: 'java.lang.Object java.lang.invoke.DirectMethodHandle$Holder.newInvokeSpecial(java.lang.Object, java.lang.Object, long)'> (0x00000007119d3b20) 
thrown [t:\workspace\open\src\hotspot\share\interpreter\linkResolver.cpp, line 766]
Event: 0.216 Thread 0x00000202a5f4a600 Exception <a 'java/lang/NoSuchMethodError'{0x00000007119d7e10}: 'java.lang.Object java.lang.invoke.Invokers$Holder.linkToTargetMethod(java.lang.Object, long, java.lang.Object)'> (0x00000007119d7e10) 
thrown [t:\workspace\open\src\hotspot\share\interpreter\linkResolver.cpp, line 766]
Event: 0.217 Thread 0x00000202a5f4a600 Exception <a 'java/lang/NoSuchMethodError'{0x00000007119df528}: 'int java.lang.invoke.DirectMethodHandle$Holder.invokeStaticInit(java.lang.Object, java.lang.Object, java.lang.Object, long)'> (0x00000007119df528) 
thrown [t:\workspace\open\src\hotspot\share\interpreter\linkResolver.cpp, line 766]
Event: 0.427 Thread 0x00000202a5f4a600 Exception <a 'java/lang/NoSuchMethodError'{0x00000007116677d8}: 'java.lang.Object java.lang.invoke.DirectMethodHandle$Holder.newInvokeSpecial(java.lang.Object, java.lang.Object, int, int)'> (0x00000007116677d8) 
thrown [t:\workspace\open\src\hotspot\share\interpreter\linkResolver.cpp, line 766]
Event: 0.496 Thread 0x00000202a5f4a600 Exception <a 'sun/nio/fs/WindowsException'{0x0000000711792080}> (0x0000000711792080) 
thrown [t:\workspace\open\src\hotspot\share\prims\jni.cpp, line 516]
Event: 0.496 Thread 0x00000202a5f4a600 Exception <a 'sun/nio/fs/WindowsException'{0x0000000711792420}> (0x0000000711792420) 
thrown [t:\workspace\open\src\hotspot\share\prims\jni.cpp, line 516]
Event: 0.505 Thread 0x00000202a5f4a600 Exception <a 'sun/nio/fs/WindowsException'{0x000000071179d838}> (0x000000071179d838) 
thrown [t:\workspace\open\src\hotspot\share\prims\jni.cpp, line 516]
Event: 0.505 Thread 0x00000202a5f4a600 Exception <a 'sun/nio/fs/WindowsException'{0x000000071179db08}> (0x000000071179db08) 
thrown [t:\workspace\open\src\hotspot\share\prims\jni.cpp, line 516]
Event: 0.684 Thread 0x00000202a5f4a600 Exception <a 'java/lang/ClassNotFoundException'{0x00000007113d1ef0}: sun/awt/resources/spi/awtProvider> (0x00000007113d1ef0) 
thrown [t:\workspace\open\src\hotspot\share\classfile\systemDictionary.cpp, line 256]
Event: 0.695 Thread 0x00000202a5f4a600 Exception <a 'java/io/FileNotFoundException'{0x0000000711018cf0}> (0x0000000711018cf0) 
thrown [t:\workspace\open\src\hotspot\share\prims\jni.cpp, line 516]
Event: 0.699 Thread 0x00000202a5f4a600 Exception <a 'java/io/FileNotFoundException'{0x0000000711045f50}> (0x0000000711045f50) 
thrown [t:\workspace\open\src\hotspot\share\prims\jni.cpp, line 516]
Event: 0.838 Thread 0x00000202a5f4a600 Exception <a 'sun/nio/fs/WindowsException'{0x0000000711bea8b8}> (0x0000000711bea8b8) 
thrown [t:\workspace\open\src\hotspot\share\prims\jni.cpp, line 516]
Event: 0.838 Thread 0x00000202a5f4a600 Exception <a 'sun/nio/fs/WindowsException'{0x0000000711beac30}> (0x0000000711beac30) 
thrown [t:\workspace\open\src\hotspot\share\prims\jni.cpp, line 516]
Event: 0.884 Thread 0x00000202a5f4a600 Exception <a 'sun/nio/fs/WindowsException'{0x0000000711bfa9f8}> (0x0000000711bfa9f8) 
thrown [t:\workspace\open\src\hotspot\share\prims\jni.cpp, line 516]
Event: 0.884 Thread 0x00000202a5f4a600 Exception <a 'sun/nio/fs/WindowsException'{0x0000000711bfad78}> (0x0000000711bfad78) 
thrown [t:\workspace\open\src\hotspot\share\prims\jni.cpp, line 516]
Event: 0.939 Thread 0x00000202a5f4a600 Exception <a 'sun/nio/fs/WindowsException'{0x0000000711886858}> (0x0000000711886858) 
thrown [t:\workspace\open\src\hotspot\share\prims\jni.cpp, line 516]
Event: 0.939 Thread 0x00000202a5f4a600 Exception <a 'sun/nio/fs/WindowsException'{0x0000000711886bd8}> (0x0000000711886bd8) 
thrown [t:\workspace\open\src\hotspot\share\prims\jni.cpp, line 516]

VM Operations (10 events):
Event: 0.065 Executing VM operation: HandshakeAllThreads
Event: 0.065 Executing VM operation: HandshakeAllThreads done
Event: 0.112 Executing VM operation: HandshakeAllThreads
Event: 0.112 Executing VM operation: HandshakeAllThreads done
Event: 0.679 Executing VM operation: HandshakeAllThreads
Event: 0.679 Executing VM operation: HandshakeAllThreads done
Event: 0.797 Executing VM operation: G1CollectForAllocation
Event: 0.800 Executing VM operation: G1CollectForAllocation done
Event: 0.928 Executing VM operation: HandshakeAllThreads
Event: 0.928 Executing VM operation: HandshakeAllThreads done

Events (20 events):
Event: 1.081 loading class sun/util/locale/provider/TimeZoneNameProviderImpl done
Event: 1.081 loading class sun/util/cldr/CLDRTimeZoneNameProviderImpl done
Event: 1.082 loading class sun/util/locale/provider/BaseLocaleDataMetaInfo
Event: 1.082 loading class sun/util/locale/provider/BaseLocaleDataMetaInfo done
Event: 1.082 loading class sun/util/resources/cldr/TimeZoneNames
Event: 1.083 loading class sun/util/resources/TimeZoneNamesBundle
Event: 1.083 loading class sun/util/resources/OpenListResourceBundle
Event: 1.083 loading class sun/util/resources/OpenListResourceBundle done
Event: 1.083 loading class sun/util/resources/TimeZoneNamesBundle done
Event: 1.083 loading class sun/util/resources/cldr/TimeZoneNames done
Event: 1.083 loading class sun/util/resources/cldr/TimeZoneNames_en
Event: 1.083 loading class sun/util/resources/cldr/TimeZoneNames_en done
Event: 1.083 loading class sun/util/resources/cldr/TimeZoneNames_en_US
Event: 1.083 loading class sun/util/resources/cldr/TimeZoneNames_en_US done
Event: 1.084 loading class sun/util/resources/TimeZoneNames
Event: 1.084 loading class sun/util/resources/TimeZoneNames done
Event: 1.085 loading class sun/util/resources/TimeZoneNames_en
Event: 1.085 loading class sun/util/resources/TimeZoneNames_en done
Event: 1.309 Thread 0x00000202d25dd370 Thread added: 0x00000202d25dd370
Event: 1.309 Thread 0x00000202d25dd880 Thread added: 0x00000202d25dd880


Dynamic libraries:
0x00007ff6ad360000 - 0x00007ff6ad370000 	C:\Program Files\Java\jdk-17.0.2\bin\java.exe
0x00007ff9d1bd0000 - 0x00007ff9d1dc8000 	C:\WINDOWS\SYSTEM32\ntdll.dll
0x00007ff9d0aa0000 - 0x00007ff9d0b62000 	C:\WINDOWS\System32\KERNEL32.DLL
0x00007ff9cf310000 - 0x00007ff9cf606000 	C:\WINDOWS\System32\KERNELBASE.dll
0x00007ff9cf910000 - 0x00007ff9cfa10000 	C:\WINDOWS\System32\ucrtbase.dll
0x00007ff9cbe00000 - 0x00007ff9cbe18000 	C:\Program Files\Java\jdk-17.0.2\bin\jli.dll
0x00007ff9cb460000 - 0x00007ff9cb47a000 	C:\Program Files\Java\jdk-17.0.2\bin\VCRUNTIME140.dll
0x00007ff9d0730000 - 0x00007ff9d07e1000 	C:\WINDOWS\System32\ADVAPI32.dll
0x00007ff9d1580000 - 0x00007ff9d161e000 	C:\WINDOWS\System32\msvcrt.dll
0x00007ff9d0590000 - 0x00007ff9d062f000 	C:\WINDOWS\System32\sechost.dll
0x00007ff9d07f0000 - 0x00007ff9d0910000 	C:\WINDOWS\System32\RPCRT4.dll
0x00007ff9cf2e0000 - 0x00007ff9cf307000 	C:\WINDOWS\System32\bcrypt.dll
0x00007ff9d1680000 - 0x00007ff9d1821000 	C:\WINDOWS\System32\USER32.dll
0x00007ff9cfa10000 - 0x00007ff9cfa32000 	C:\WINDOWS\System32\win32u.dll
0x00007ff9bcaa0000 - 0x00007ff9bcd3b000 	C:\WINDOWS\WinSxS\amd64_microsoft.windows.common-controls_6595b64144ccf1df_6.0.19041.6456_none_60b8a6cb71f64256\COMCTL32.dll
0x00007ff9d0d70000 - 0x00007ff9d0d9b000 	C:\WINDOWS\System32\GDI32.dll
0x00007ff9cf6c0000 - 0x00007ff9cf7d9000 	C:\WINDOWS\System32\gdi32full.dll
0x00007ff9cf7e0000 - 0x00007ff9cf87d000 	C:\WINDOWS\System32\msvcp_win.dll
0x00007ff9c9130000 - 0x00007ff9c913a000 	C:\WINDOWS\SYSTEM32\VERSION.dll
0x00007ff9d0630000 - 0x00007ff9d065f000 	C:\WINDOWS\System32\IMM32.DLL
0x00007ff9cbdf0000 - 0x00007ff9cbdfc000 	C:\Program Files\Java\jdk-17.0.2\bin\vcruntime140_1.dll
0x00007ff9b6450000 - 0x00007ff9b64dd000 	C:\Program Files\Java\jdk-17.0.2\bin\msvcp140.dll
0x00007ff956420000 - 0x00007ff956fe1000 	C:\Program Files\Java\jdk-17.0.2\bin\server\jvm.dll
0x00007ff9d1510000 - 0x00007ff9d1518000 	C:\WINDOWS\System32\PSAPI.DLL
0x00007ff9af850000 - 0x00007ff9af859000 	C:\WINDOWS\SYSTEM32\WSOCK32.dll
0x00007ff9bfda0000 - 0x00007ff9bfdc7000 	C:\WINDOWS\SYSTEM32\WINMM.dll
0x00007ff9d0920000 - 0x00007ff9d098b000 	C:\WINDOWS\System32\WS2_32.dll
0x00007ff9cda30000 - 0x00007ff9cda42000 	C:\WINDOWS\SYSTEM32\kernel.appcore.dll
0x00007ff9cb420000 - 0x00007ff9cb42a000 	C:\Program Files\Java\jdk-17.0.2\bin\jimage.dll
0x00007ff9ccf70000 - 0x00007ff9cd171000 	C:\WINDOWS\SYSTEM32\DBGHELP.DLL
0x00007ff9ab860000 - 0x00007ff9ab894000 	C:\WINDOWS\SYSTEM32\dbgcore.DLL
0x00007ff9cf880000 - 0x00007ff9cf902000 	C:\WINDOWS\System32\bcryptPrimitives.dll
0x00007ff9c56a0000 - 0x00007ff9c56ae000 	C:\Program Files\Java\jdk-17.0.2\bin\instrument.dll
0x00007ff9c9c70000 - 0x00007ff9c9c95000 	C:\Program Files\Java\jdk-17.0.2\bin\java.dll
0x00007ff9b6370000 - 0x00007ff9b6446000 	C:\Program Files\Java\jdk-17.0.2\bin\jsvml.dll
0x00007ff9d0da0000 - 0x00007ff9d1510000 	C:\WINDOWS\System32\SHELL32.dll
0x00007ff9cd270000 - 0x00007ff9cda15000 	C:\WINDOWS\SYSTEM32\windows.storage.dll
0x00007ff9d1830000 - 0x00007ff9d1b84000 	C:\WINDOWS\System32\combase.dll
0x00007ff9cec90000 - 0x00007ff9cecbb000 	C:\WINDOWS\SYSTEM32\Wldp.dll
0x00007ff9d0b70000 - 0x00007ff9d0c3d000 	C:\WINDOWS\System32\OLEAUT32.dll
0x00007ff9d0680000 - 0x00007ff9d072d000 	C:\WINDOWS\System32\SHCORE.dll
0x00007ff9d0990000 - 0x00007ff9d09eb000 	C:\WINDOWS\System32\shlwapi.dll
0x00007ff9cf190000 - 0x00007ff9cf1b4000 	C:\WINDOWS\SYSTEM32\profapi.dll
0x00007ff9c0b90000 - 0x00007ff9c0ba8000 	C:\Program Files\Java\jdk-17.0.2\bin\zip.dll
0x00007ff9c0bd0000 - 0x00007ff9c0be9000 	C:\Program Files\Java\jdk-17.0.2\bin\net.dll
0x00007ff9c7c20000 - 0x00007ff9c7d2a000 	C:\WINDOWS\SYSTEM32\WINHTTP.dll
0x00007ff9ce9a0000 - 0x00007ff9cea0a000 	C:\WINDOWS\system32\mswsock.dll
0x00007ff9c0bb0000 - 0x00007ff9c0bc6000 	C:\Program Files\Java\jdk-17.0.2\bin\nio.dll
0x00007ff9b9440000 - 0x00007ff9b945a000 	D:\Program Files\itellij\IntelliJ IDEA 2021.3.3\bin\breakgen64.dll
0x00007ff9938c0000 - 0x00007ff99393e000 	C:\Users\Kamil\AppData\Local\Temp\lwjgl_Kamil\3.3.6+1\x64\lwjgl.dll
0x00007ff9930d0000 - 0x00007ff993159000 	C:\Users\Kamil\AppData\Local\Temp\lwjgl_Kamil\3.3.6+1\x64\glfw.dll
0x00007ff9b49a0000 - 0x00007ff9b49e5000 	C:\WINDOWS\SYSTEM32\dinput8.dll
0x00007ff9b6350000 - 0x00007ff9b6361000 	C:\WINDOWS\SYSTEM32\xinput1_4.dll
0x00007ff9cfba0000 - 0x00007ff9cfbee000 	C:\WINDOWS\System32\cfgmgr32.dll
0x00007ff9cf010000 - 0x00007ff9cf043000 	C:\WINDOWS\SYSTEM32\DEVOBJ.dll
0x00007ff9ccaf0000 - 0x00007ff9ccb1e000 	C:\WINDOWS\SYSTEM32\dwmapi.dll
0x00007ff9a4b00000 - 0x00007ff9a4c52000 	C:\WINDOWS\SYSTEM32\inputhost.dll
0x00007ff9cc1c0000 - 0x00007ff9cc2b4000 	C:\WINDOWS\SYSTEM32\PROPSYS.dll
0x00007ff9cb850000 - 0x00007ff9cbbab000 	C:\WINDOWS\SYSTEM32\CoreUIComponents.dll
0x00007ff9cbbb0000 - 0x00007ff9cbca2000 	C:\WINDOWS\SYSTEM32\CoreMessaging.dll
0x00007ff9ce4b0000 - 0x00007ff9ce4e3000 	C:\WINDOWS\SYSTEM32\ntmarta.dll
0x00007ff9ca620000 - 0x00007ff9ca777000 	C:\WINDOWS\SYSTEM32\wintypes.dll
0x00007ff9cc760000 - 0x00007ff9cc7fe000 	C:\WINDOWS\system32\uxtheme.dll
0x0000000180000000 - 0x0000000180272000 	D:\Program Files (x86)\RivaTuner Statistics Server\RTSSHooks64.dll
0x00007ff9d0470000 - 0x00007ff9d0585000 	C:\WINDOWS\System32\MSCTF.dll
0x00007ff9b56b0000 - 0x00007ff9b57d8000 	C:\WINDOWS\SYSTEM32\opengl32.dll
0x00007ff9b76b0000 - 0x00007ff9b76dc000 	C:\WINDOWS\SYSTEM32\GLU32.dll
0x00007ff9d09f0000 - 0x00007ff9d0a99000 	C:\WINDOWS\System32\clbcatq.dll
0x00007ff9538a0000 - 0x00007ff954945000 	C:\WINDOWS\System32\DriverStore\FileRepository\iigd_dch.inf_amd64_d0e181bba89305c6\ig9icd64.dll
0x00007ff9d0c40000 - 0x00007ff9d0d6b000 	C:\WINDOWS\System32\ole32.dll
0x00007ff9cdaa0000 - 0x00007ff9cdb96000 	C:\WINDOWS\system32\dxgi.dll
0x00007ff981580000 - 0x00007ff9816ac000 	C:\WINDOWS\System32\DriverStore\FileRepository\iigd_dch.inf_amd64_d0e181bba89305c6\igdml64.dll
0x00007ff9c49b0000 - 0x00007ff9c4db9000 	C:\WINDOWS\System32\DriverStore\FileRepository\iigd_dch.inf_amd64_d0e181bba89305c6\igdgmm64.dll
0x00007ff9c1210000 - 0x00007ff9c49a6000 	C:\WINDOWS\System32\DriverStore\FileRepository\iigd_dch.inf_amd64_d0e181bba89305c6\igc64.dll
0x00007ff9ce7c0000 - 0x00007ff9ce80b000 	C:\WINDOWS\SYSTEM32\powrprof.dll
0x00007ff9ce620000 - 0x00007ff9ce632000 	C:\WINDOWS\SYSTEM32\UMPDC.dll
0x00007ff9b9b30000 - 0x00007ff9b9b40000 	C:\Program Files\Java\jdk-17.0.2\bin\verify.dll
0x00007ff9ae470000 - 0x00007ff9ae569000 	C:\WINDOWS\SYSTEM32\textinputframework.dll
0x00007ff9ae1a0000 - 0x00007ff9ae1fd000 	C:\Users\Kamil\AppData\Local\Temp\lwjgl_Kamil\3.3.6+1\x64\lwjgl_opengl.dll
0x00007ff970580000 - 0x00007ff97070f000 	C:\Program Files\Java\jdk-17.0.2\bin\awt.dll
0x00007ff9cbed0000 - 0x00007ff9cbf64000 	C:\WINDOWS\SYSTEM32\apphelp.dll
0x00007ff953350000 - 0x00007ff953483000 	C:\Users\Kamil\AppData\Local\Temp\lwjgl_Kamil\3.3.6+1\x64\draco.dll
0x00007ff952df0000 - 0x00007ff95334f000 	C:\Users\Kamil\AppData\Local\Temp\lwjgl_Kamil\3.3.6+1\x64\assimp.dll
0x00007ff984ca0000 - 0x00007ff984d39000 	C:\Users\Kamil\AppData\Local\Temp\lwjgl_Kamil\3.3.6+1\x64\lwjgl_stb.dll

dbghelp: loaded successfully - version: 4.0.5 - missing functions: none
symbol engine: initialized successfully - sym options: 0x614 - pdb path: .;C:\Program Files\Java\jdk-17.0.2\bin;C:\WINDOWS\SYSTEM32;C:\WINDOWS\WinSxS\amd64_microsoft.windows.common-controls_6595b64144ccf1df_6.0.19041.6456_none_60b8a6cb71f64256;C:\Program Files\Java\jdk-17.0.2\bin\server;D:\Program Files\itellij\IntelliJ IDEA 2021.3.3\bin;C:\Users\Kamil\AppData\Local\Temp\lwjgl_Kamil\3.3.6+1\x64;D:\Program Files (x86)\RivaTuner Statistics Server;C:\WINDOWS\System32\DriverStore\FileRepository\iigd_dch.inf_amd64_d0e181bba89305c6

VM Arguments:
jvm_args: -javaagent:D:\Program Files\itellij\IntelliJ IDEA 2021.3.3\lib\idea_rt.jar=60086:D:\Program Files\itellij\IntelliJ IDEA 2021.3.3\bin -Dfile.encoding=UTF-8 
java_command: org.example.App
java_class_path (initial): D:\biezace-projekty\metin2\target\classes;C:\Users\Kamil\.m2\repository\org\lwjgl\lwjgl\3.3.6\lwjgl-3.3.6.jar;C:\Users\Kamil\.m2\repository\org\lwjgl\lwjgl-glfw\3.3.6\lwjgl-glfw-3.3.6.jar;C:\Users\Kamil\.m2\repository\org\lwjgl\lwjgl-opengl\3.3.6\lwjgl-opengl-3.3.6.jar;C:\Users\Kamil\.m2\repository\org\lwjgl\lwjgl-assimp\3.3.6\lwjgl-assimp-3.3.6.jar;C:\Users\Kamil\.m2\repository\org\lwjgl\lwjgl-stb\3.3.6\lwjgl-stb-3.3.6.jar;C:\Users\Kamil\.m2\repository\org\lwjgl\lwjgl\3.3.6\lwjgl-3.3.6-natives-windows.jar;C:\Users\Kamil\.m2\repository\org\lwjgl\lwjgl-glfw\3.3.6\lwjgl-glfw-3.3.6-natives-windows.jar;C:\Users\Kamil\.m2\repository\org\lwjgl\lwjgl-opengl\3.3.6\lwjgl-opengl-3.3.6-natives-windows.jar;C:\Users\Kamil\.m2\repository\org\lwjgl\lwjgl-assimp\3.3.6\lwjgl-assimp-3.3.6-natives-windows.jar;C:\Users\Kamil\.m2\repository\org\lwjgl\lwjgl-stb\3.3.6\lwjgl-stb-3.3.6-natives-windows.jar;C:\Users\Kamil\.m2\repository\org\joml\joml\1.10.8\joml-1.10.8.jar;C:\Users\Kamil\.m2\repository\com\fasterxml\jackson\core\jackson-databind\2.19.0\jackson-databind-2.19.0.jar;C:\Users\Kamil\.m2\repository\com\fasterxml\jackson\core\jackson-annotations\2.19.0\jackson-annotations-2.19.0.jar;C:\Users\Kamil\.m2\repository\com\fasterxml\jackson\core\jackson-core\2.19.0\jackson-core-2.19.0.jar
Launcher Type: SUN_STANDARD

[Global flags]
     intx CICompilerCount                          = 4                                         {product} {ergonomic}
     uint ConcGCThreads                            = 2                                         {product} {ergonomic}
     uint G1ConcRefinementThreads                  = 8                                         {product} {ergonomic}
   size_t G1HeapRegionSize                         = 2097152                                   {product} {ergonomic}
    uintx GCDrainStackTargetSize                   = 64                                        {product} {ergonomic}
   size_t InitialHeapSize                          = 268435456                                 {product} {ergonomic}
   size_t MarkStackSize                            = 4194304                                   {product} {ergonomic}
   size_t MaxHeapSize                              = 4263510016                                {product} {ergonomic}
   size_t MaxNewSize                               = 2556428288                                {product} {ergonomic}
   size_t MinHeapDeltaBytes                        = 2097152                                   {product} {ergonomic}
   size_t MinHeapSize                              = 8388608                                   {product} {ergonomic}
    uintx NonNMethodCodeHeapSize                   = 5839372                                {pd product} {ergonomic}
    uintx NonProfiledCodeHeapSize                  = 122909434                              {pd product} {ergonomic}
    uintx ProfiledCodeHeapSize                     = 122909434                              {pd product} {ergonomic}
    uintx ReservedCodeCacheSize                    = 251658240                              {pd product} {ergonomic}
     bool SegmentedCodeCache                       = true                                      {product} {ergonomic}
   size_t SoftMaxHeapSize                          = 4263510016                             {manageable} {ergonomic}
     bool UseCompressedClassPointers               = true                           {product lp64_product} {ergonomic}
     bool UseCompressedOops                        = true                           {product lp64_product} {ergonomic}
     bool UseG1GC                                  = true                                      {product} {ergonomic}
     bool UseLargePagesIndividualAllocation        = false                                  {pd product} {ergonomic}

Logging:
Log output configuration:
 #0: stdout all=warning uptime,level,tags
 #1: stderr all=off uptime,level,tags

Environment Variables:
JAVA_HOME=C:\Program Files\Java\jdk-17.0.2
PATH=C:\Program Files\Microsoft SDKs\Azure\CLI2\wbin;C:\Program Files\Python310\Scripts\;C:\Program Files\Python310\;D:\Program Files\NVIDIA GPU Computing Toolkit\CUDA\v11.2\bin;D:\Program Files\NVIDIA GPU Computing Toolkit\CUDA\v11.2\libnvvp;C:\oraclexe\app\oracle\product\11.2.0\server\bin;C:\Windows\system32;C:\Windows;C:\Windows\System32\Wbem;C:\Windows\System32\WindowsPowerShell\v1.0;C:\Program Files\NVIDIA Corporation\NVIDIA NvDLISR;C:\Program Files\Maven\apache-maven-3.6.3-bin\apache-maven-3.6.3\bin;C:\Program Files (x86)\NVIDIA Corporation\PhysX\Common;D:\Program Files\;C:\WINDOWS\System32\OpenSSH\;C:\Windows\system32;C:\Windows;C:\Windows\System32\Wbem;C:\Windows\System32\WindowsPowerShell\v1.0;C:\Program Files\NVIDIA Corporation\NVIDIA NvDLISR;C:\Program Files (x86)\NASM;C:\Program Files (x86)\NVIDIA Corporation\PhysX\Common;D:\Program Files\;C:\WINDOWS\System32\OpenSSH\;C:\Program Files\PuTTY\;C:\Users\Kamil\AppData\Local\Programs\Microsoft VS Code\bin;C:\Program Files\Java\jdk-17.0.2\bin;D:\Program Files\cudnn-10.2-windows10-x64-v8.1.0.77\cuda\bin;C:\Program Files\NVIDIA Corporation\Nsight Compute 2020.3.0\;C:\Users\Kamil\AppData\Local\Packages\PythonSoftwareFoundation.Python.3.10_qbz5n2kfra8p0\LocalCache\local-packages\Python310\Scripts;D:\Program Files\NVIDIA GPU Computing Toolkit\CUDA\v11.2\bin;D:\Program Files\NVIDIA GPU Computing Toolkit\CUDA\v11.2\libnvvp;D:\Program Files\NVIDIA GPU Computing Toolkit\CUDA\v11.2\extras\CUPTI\include;D:\Program Files\NVIDIA GPU Computing Toolkit\CUDA\v11.2\extras\CUPTI\lib64;C:\Program Files (x86)\Google\Cloud SDK\google-cloud-sdk\bin;D:\Program Files\Git\cmd;D:\Program Files\Minikube;D:\Program Files\helm;C:\Program Files\Docker\Docker\resources\bin;C:\mingw64\mingw64\bin;C:\Program Files\dotnet\;C:\Users\Kamil\AppData\Local\Microsoft\WindowsApps;C:\Users\Kamil\AppData\Local\Programs\Microsoft VS Code\bin;C:\Users\Kamil\.dotnet\tools;C:\Program Files\JetBrains\CLion 2020.3.2\bin;D:\Program Files\itellij\IntelliJ IDEA 20
USERNAME=Kamil
OS=Windows_NT
PROCESSOR_IDENTIFIER=Intel64 Family 6 Model 158 Stepping 10, GenuineIntel



---------------  S Y S T E M  ---------------

OS:
 Windows 10 , 64 bit Build 19041 (10.0.19041.5915)
OS uptime: 0 days 4:58 hours
Hyper-V role detected

CPU: total 8 (initial active 8) (4 cores per cpu, 2 threads per core) family 6 model 158 stepping 10 microcode 0xde, cx8, cmov, fxsr, ht, mmx, 3dnowpref, sse, sse2, sse3, ssse3, sse4.1, sse4.2, popcnt, lzcnt, tsc, tscinvbit, avx, avx2, aes, erms, clmul, bmi1, bmi2, adx, fma, vzeroupper, clflush, clflushopt, hv

Memory: 4k page, system-wide physical 16258M (5366M free)
TotalPageFile size 21890M (AvailPageFile size 7335M)
current process WorkingSet (physical memory assigned to process): 252M, peak: 265M
current process commit charge ("private bytes"): 489M, peak: 504M

vm_info: Java HotSpot(TM) 64-Bit Server VM (17.0.2+8-LTS-86) for windows-amd64 JRE (17.0.2+8-LTS-86), built on Dec  7 2021 21:51:03 by "mach5one" with MS VC++ 16.8 / 16.9 (VS2019)

END.
