#
# A fatal error has been detected by the Java Runtime Environment:
#
#  EXCEPTION_ACCESS_VIOLATION (0xc0000005) at pc=0x00007ff96d115bb6, pid=56240, tid=49020
#
# JRE version: Java(TM) SE Runtime Environment (17.0.2+8) (build 17.0.2+8-LTS-86)
# Java VM: Java HotSpot(TM) 64-Bit Server VM (17.0.2+8-LTS-86, mixed mode, sharing, tiered, compressed oops, compressed class ptrs, g1 gc, windows-amd64)
# Problematic frame:
# C  [ntdll.dll+0x25bb6]
#
# No core dump will be written. Minidumps are not enabled by default on client versions of Windows
#
# If you would like to submit a bug report, please visit:
#   https://bugreport.java.com/bugreport/crash.jsp
# The crash happened outside the Java Virtual Machine in native code.
# See problematic frame for where to report the bug.
#

---------------  S U M M A R Y ------------

Command Line: -javaagent:D:\Program Files\itellij\IntelliJ IDEA 2021.3.3\lib\idea_rt.jar=49538:D:\Program Files\itellij\IntelliJ IDEA 2021.3.3\bin -Dfile.encoding=UTF-8 org.example.App

Host: Intel(R) Core(TM) i5-8300H CPU @ 2.30GHz, 8 cores, 15G,  Windows 10 , 64 bit Build 19041 (10.0.19041.5915)
Time: Sun Dec 28 01:48:46 2025  Windows 10 , 64 bit Build 19041 (10.0.19041.5915) elapsed time: 1.196053 seconds (0d 0h 0m 1s)

---------------  T H R E A D  ---------------

Current thread (0x000001eb32d0ab90):  JavaThread "main" [_thread_in_native, id=49020, stack(0x0000009d40100000,0x0000009d40200000)]

Stack: [0x0000009d40100000,0x0000009d40200000],  sp=0x0000009d401fecb0,  free space=1019k
Native frames: (J=compiled Java code, j=interpreted, Vv=VM code, C=native code)
C  [ntdll.dll+0x25bb6]
C  [ntdll.dll+0x247b1]
C  [lwjgl.dll+0x35a5c]

Java frames: (J=compiled Java code, j=interpreted, Vv=VM code)
j  org.lwjgl.stb.STBImage.nstbi_image_free(J)V+0
j  org.lwjgl.stb.STBImage.stbi_image_free(Ljava/nio/ByteBuffer;)V+4
j  texture.GlbTexture.<init>(Lorg/lwjgl/assimp/AIScene;Lorg/lwjgl/assimp/AIMesh;)V+79
j  org.example.mesh.ComplexAssimpGlbMesh.<init>(Ljava/lang/String;)V+59
j  org.example.Player.<init>(Lorg/example/Camera;Lorg/example/EventsHandler;)V+11
j  org.example.Chunk.uploadToGpu()V+45
j  org.example.Chunk.init()V+1
j  org.example.Renderer.init(I)V+9
j  org.example.Game.loop()V+18
j  org.example.App.main([Ljava/lang/String;)V+15
v  ~StubRoutines::call_stub

siginfo: EXCEPTION_ACCESS_VIOLATION (0xc0000005), reading address 0x000001eb6350d03f


Register to memory mapping:

RIP=0x00007ff96d115bb6 ntdll.dll
RAX=0x00007ff8f1f67030 lwjgl_stb.dll
RBX=0x000001eb32be0000 points into unknown readable memory: 0x0000000000000000 | 00 00 00 00 00 00 00 00
RCX=0x000001eb32be0000 points into unknown readable memory: 0x0000000000000000 | 00 00 00 00 00 00 00 00
RDX=0x000001eb6350d040 is an unknown value
RSP=0x0000009d401fecb0 is pointing into the stack for thread: 0x000001eb32d0ab90
RBP=0x0 is NULL
RSI=0x000001eb32be0000 points into unknown readable memory: 0x0000000000000000 | 00 00 00 00 00 00 00 00
RDI=0x0 is NULL
R8 =0x0 is NULL
R9 =0x0 is NULL
R10=0x000001eb3bd5d5f2 is at code_begin+946 in an Interpreter codelet
method entry point (kind = native)  [0x000001eb3bd5d240, 0x000001eb3bd5dbc0]  2432 bytes
R11=0x0000000711624d18 is an oop: java.lang.Class 
{0x0000000711624d18} - klass: 'java/lang/Class'
 - ---- fields (total size 17 words):
 - private volatile transient 'classRedefinedCount' 'I' @12  0
 - private volatile transient 'cachedConstructor' 'Ljava/lang/reflect/Constructor;' @40  NULL (0)
 - private transient 'name' 'Ljava/lang/String;' @44  "org.lwjgl.stb.STBImage"{0x0000000711624db0} (e22c49b6)
 - private transient 'module' 'Ljava/lang/Module;' @48  a 'java/lang/Module'{0x0000000710604dc0} (e20c09b8)
 - private final 'classLoader' 'Ljava/lang/ClassLoader;' @52  a 'jdk/internal/loader/ClassLoaders$AppClassLoader'{0x00000007106156c0} (e20c2ad8)
 - private transient 'classData' 'Ljava/lang/Object;' @56  NULL (0)
 - private transient 'packageName' 'Ljava/lang/String;' @60  "org.lwjgl.stb"{0x000000071160ecd8} (e22c1d9b)
 - private final 'componentType' 'Ljava/lang/Class;' @64  NULL (0)
 - private volatile transient 'reflectionData' 'Ljava/lang/ref/SoftReference;' @68  NULL (0)
 - private volatile transient 'genericInfo' 'Lsun/reflect/generics/repository/ClassRepository;' @72  NULL (0)
 - private volatile transient 'enumConstants' '[Ljava/lang/Object;' @76  NULL (0)
 - private volatile transient 'enumConstantDirectory' 'Ljava/util/Map;' @80  NULL (0)
 - private volatile transient 'annotationData' 'Ljava/lang/Class$AnnotationData;' @84  NULL (0)
 - private volatile transient 'annotationType' 'Lsun/reflect/annotation/AnnotationType;' @88  NULL (0)
 - transient 'classValueMap' 'Ljava/lang/ClassValue$ClassValueMap;' @92  NULL (0)
 - signature: Lorg/lwjgl/stb/STBImage;
 - fake entry for mirror: 'org/lwjgl/stb/STBImage'
 - fake entry for array: NULL
 - fake entry for oop_size: 17
 - fake entry for static_oop_field_count: 0
 - public static final 'STBI_default' 'I' @112  0
 - public static final 'STBI_grey' 'I' @116  1
 - public static final 'STBI_grey_alpha' 'I' @120  2
 - public static final 'STBI_rgb' 'I' @124  3
 - public static final 'STBI_rgb_alpha' 'I' @128  4
R12=0x0 is NULL
R13=0x000001eb6350d040 is an unknown value
R14=0x000001eb6350d030 is an unknown value
R15=0x000001eb32d0ab90 is a thread


Registers:
RAX=0x00007ff8f1f67030, RBX=0x000001eb32be0000, RCX=0x000001eb32be0000, RDX=0x000001eb6350d040
RSP=0x0000009d401fecb0, RBP=0x0000000000000000, RSI=0x000001eb32be0000, RDI=0x0000000000000000
R8 =0x0000000000000000, R9 =0x0000000000000000, R10=0x000001eb3bd5d5f2, R11=0x0000000711624d18
R12=0x0000000000000000, R13=0x000001eb6350d040, R14=0x000001eb6350d030, R15=0x000001eb32d0ab90
RIP=0x00007ff96d115bb6, EFLAGS=0x0000000000010246

Top of Stack: (sp=0x0000009d401fecb0)
0x0000009d401fecb0:   0000000000000000 0000009d401fece0
0x0000009d401fecc0:   0000009d401fed78 000001eb3bd594fe
0x0000009d401fecd0:   0000000710743e58 000001eb3bd5af78
0x0000009d401fece0:   000001eb6350d040 0000000000000000
0x0000009d401fecf0:   0000000000001401 0000000000001908
0x0000009d401fed00:   0000000000000000 0000000000000000
0x0000009d401fed10:   0000000000000000 0000000000001908
0x0000009d401fed20:   0000000000000000 0000000000000de1
0x0000009d401fed30:   0000009d401fed30 000001eb581fe0c9
0x0000009d401fed40:   000001eb32d0ab90 0000009d401fee80
0x0000009d401fed50:   000001eb62438cc8 0000000000000000
0x0000009d401fed60:   000001eb6350d040 00007ff96d1147b1
0x0000009d401fed70:   0000009d401fed88 000001eb32be0000
0x0000009d401fed80:   0000009d401fee58 0000000000000000
0x0000009d401fed90:   0000000000000000 0000000000001908
0x0000009d401feda0:   000001eb6350d040 00007ff8f5815a5c 

Instructions: (pc=0x00007ff96d115bb6)
0x00007ff96d115ab6:   85 c0 0f 85 d3 16 08 00 b9 80 03 fe 7f 40 38 39
0x00007ff96d115ac6:   0f 84 2f fe ff ff e9 dc 16 08 00 45 33 c0 48 8b
0x00007ff96d115ad6:   d3 49 8b ce e8 c1 0e fe ff e8 6c ed ff ff 85 c0
0x00007ff96d115ae6:   0f 85 6b 17 08 00 b9 80 03 fe 7f 40 38 39 0f 84
0x00007ff96d115af6:   01 fe ff ff e9 74 17 08 00 41 b8 02 00 00 00 e9
0x00007ff96d115b06:   60 fc ff ff f7 41 74 00 00 00 01 75 4e f6 41 78
0x00007ff96d115b16:   01 0f 85 fd 17 08 00 41 f6 c5 0f 0f 84 87 00 00
0x00007ff96d115b26:   00 45 33 c9 48 89 7c 24 28 4d 8b c5 48 89 7c 24
0x00007ff96d115b36:   20 48 8b d6 41 8d 49 09 e8 b9 85 0e 00 4d 85 f6
0x00007ff96d115b46:   0f 84 db 17 08 00 41 80 7d ff 05 0f 84 01 18 08
0x00007ff96d115b56:   00 41 38 7e 0f 0f 8c 66 19 08 00 8b d5 4d 8b cd
0x00007ff96d115b66:   83 ca 02 4d 8b c6 48 8b ce e8 8c 00 00 00 44 0f
0x00007ff96d115b76:   b6 f8 84 c0 0f 84 9b fd ff ff 48 8b 84 24 e0 00
0x00007ff96d115b86:   00 00 48 85 c0 74 03 66 89 38 4d 85 e4 74 04 49
0x00007ff96d115b96:   89 3c 24 48 8b ce e8 7f ec ff ff 85 c0 0f 84 72
0x00007ff96d115ba6:   fd ff ff e9 6a 1e 08 00 4c 8d 72 f0 41 0f 0d 0e
0x00007ff96d115bb6:   41 80 7e 0f 05 75 0c 41 0f b6 46 0e 48 c1 e0 04
0x00007ff96d115bc6:   4c 2b f0 41 f6 46 0f 3f 0f 85 6f ff ff ff 45 33
0x00007ff96d115bd6:   c9 48 89 7c 24 28 4d 8b c6 48 89 7c 24 20 48 8b
0x00007ff96d115be6:   d6 41 8d 49 08 e8 0c 85 0e 00 4c 8b f7 e9 4b ff
0x00007ff96d115bf6:   ff ff cc cc cc cc cc cc cc cc 48 89 5c 24 10 48
0x00007ff96d115c06:   89 74 24 20 4c 89 44 24 18 48 89 4c 24 08 57 41
0x00007ff96d115c16:   54 41 55 41 56 41 57 48 81 ec 80 01 00 00 4d 8b
0x00007ff96d115c26:   f8 8b fa 48 8b d9 41 b4 01 44 88 64 24 41 c6 44
0x00007ff96d115c36:   24 40 00 c7 44 24 74 01 00 00 00 45 33 ed 4c 89
0x00007ff96d115c46:   ac 24 88 00 00 00 66 44 89 6c 24 44 49 3b c8 75
0x00007ff96d115c56:   39 4c 89 6c 24 28 4c 89 6c 24 20 45 33 c9 48 8b
0x00007ff96d115c66:   d1 41 8d 4d 09 e8 8c 84 0e 00 33 c0 4c 8d 9c 24
0x00007ff96d115c76:   80 01 00 00 49 8b 5b 38 49 8b 73 48 49 8b e3 41
0x00007ff96d115c86:   5f 41 5e 41 5d 41 5c 5f c3 cc 0b 79 74 f7 c7 60
0x00007ff96d115c96:   0f 01 7d 74 28 45 32 e4 44 88 64 24 41 41 b8 04
0x00007ff96d115ca6:   00 00 00 f7 c7 00 00 00 61 74 18 0f ba e7 1c 72 


Stack slot to memory mapping:
stack at sp + 0 slots: 0x0 is NULL
stack at sp + 1 slots: 0x0000009d401fece0 is pointing into the stack for thread: 0x000001eb32d0ab90
stack at sp + 2 slots: 0x0000009d401fed78 is pointing into the stack for thread: 0x000001eb32d0ab90
stack at sp + 3 slots: 0x000001eb3bd594fe is at code_begin+1118 in an Interpreter codelet
return entry points  [0x000001eb3bd590a0, 0x000001eb3bd59ba0]  2816 bytes
stack at sp + 4 slots: 0x0000000710743e58 is an oop: java.lang.Class 
{0x0000000710743e58} - klass: 'java/lang/Class'
 - ---- fields (total size 116 words):
 - private volatile transient 'classRedefinedCount' 'I' @12  0
 - private volatile transient 'cachedConstructor' 'Ljava/lang/reflect/Constructor;' @40  NULL (0)
 - private transient 'name' 'Ljava/lang/String;' @44  "org.lwjgl.opengl.GL11C"{0x00000007107441f8} (e20e883f)
 - private transient 'module' 'Ljava/lang/Module;' @48  a 'java/lang/Module'{0x0000000710604dc0} (e20c09b8)
 - private final 'classLoader' 'Ljava/lang/ClassLoader;' @52  a 'jdk/internal/loader/ClassLoaders$AppClassLoader'{0x00000007106156c0} (e20c2ad8)
 - private transient 'classData' 'Ljava/lang/Object;' @56  NULL (0)
 - private transient 'packageName' 'Ljava/lang/String;' @60  "org.lwjgl.opengl"{0x000000071070c7d8} (e20e18fb)
 - private final 'componentType' 'Ljava/lang/Class;' @64  NULL (0)
 - private volatile transient 'reflectionData' 'Ljava/lang/ref/SoftReference;' @68  NULL (0)
 - private volatile transient 'genericInfo' 'Lsun/reflect/generics/repository/ClassRepository;' @72  NULL (0)
 - private volatile transient 'enumConstants' '[Ljava/lang/Object;' @76  NULL (0)
 - private volatile transient 'enumConstantDirectory' 'Ljava/util/Map;' @80  NULL (0)
 - private volatile transient 'annotationData' 'Ljava/lang/Class$AnnotationData;' @84  NULL (0)
 - private volatile transient 'annotationType' 'Lsun/reflect/annotation/AnnotationType;' @88  NULL (0)
 - transient 'classValueMap' 'Ljava/lang/ClassValue$ClassValueMap;' @92  NULL (0)
 - signature: Lorg/lwjgl/opengl/GL11C;
 - fake entry for mirror: 'org/lwjgl/opengl/GL11C'
 - fake entry for array: NULL
 - fake entry for oop_size: 116
 - fake entry for static_oop_field_count: 0
 - public static final 'GL_NEVER' 'I' @112  512 (200)
 - public static final 'GL_LESS' 'I' @116  513 (201)
 - public static final 'GL_EQUAL' 'I' @120  514 (202)
 - public static final 'GL_LEQUAL' 'I' @124  515 (203)
 - public static final 'GL_GREATER' 'I' @128  516 (204)
 - public static final 'GL_NOTEQUAL' 'I' @132  517 (205)
 - public static final 'GL_GEQUAL' 'I' @136  518 (206)
 - public static final 'GL_ALWAYS' 'I' @140  519 (207)
 - public static final 'GL_DEPTH_BUFFER_BIT' 'I' @144  256 (100)
 - public static final 'GL_STENCIL_BUFFER_BIT' 'I' @148  1024 (400)
 - public static final 'GL_COLOR_BUFFER_BIT' 'I' @152  16384 (4000)
 - public static final 'GL_POINTS' 'I' @156  0
 - public static final 'GL_LINES' 'I' @160  1
 - public static final 'GL_LINE_LOOP' 'I' @164  2
 - public static final 'GL_LINE_STRIP' 'I' @168  3
 - public static final 'GL_TRIANGLES' 'I' @172  4
 - public static final 'GL_TRIANGLE_STRIP' 'I' @176  5
 - public static final 'GL_TRIANGLE_FAN' 'I' @180  6
 - public static final 'GL_QUADS' 'I' @184  7
 - public static final 'GL_ZERO' 'I' @188  0
 - public static final 'GL_ONE' 'I' @192  1
 - public static final 'GL_SRC_COLOR' 'I' @196  768 (300)
 - public static final 'GL_ONE_MINUS_SRC_COLOR' 'I' @200  769 (301)
 - public static final 'GL_SRC_ALPHA' 'I' @204  770 (302)
 - public static final 'GL_ONE_MINUS_SRC_ALPHA' 'I' @208  771 (303)
 - public static final 'GL_DST_ALPHA' 'I' @212  772 (304)
 - public static final 'GL_ONE_MINUS_DST_ALPHA' 'I' @216  773 (305)
 - public static final 'GL_DST_COLOR' 'I' @220  774 (306)
 - public static final 'GL_ONE_MINUS_DST_COLOR' 'I' @224  775 (307)
 - public static final 'GL_SRC_ALPHA_SATURATE' 'I' @228  776 (308)
 - public static final 'GL_TRUE' 'I' @232  1
 - public static final 'GL_FALSE' 'I' @236  0
 - public static final 'GL_BYTE' 'I' @240  5120 (1400)
 - public static final 'GL_UNSIGNED_BYTE' 'I' @244  5121 (1401)
 - public static final 'GL_SHORT' 'I' @248  5122 (1402)
 - public static final 'GL_UNSIGNED_SHORT' 'I' @252  5123 (1403)
 - public static final 'GL_INT' 'I' @256  5124 (1404)
 - public static final 'GL_UNSIGNED_INT' 'I' @260  5125 (1405)
 - public static final 'GL_FLOAT' 'I' @264  5126 (1406)
 - public static final 'GL_DOUBLE' 'I' @268  5130 (140a)
 - public static final 'GL_NONE' 'I' @272  0
 - public static final 'GL_FRONT_LEFT' 'I' @276  1024 (400)
 - public static final 'GL_FRONT_RIGHT' 'I' @280  1025 (401)
 - public static final 'GL_BACK_LEFT' 'I' @284  1026 (402)
 - public static final 'GL_BACK_RIGHT' 'I' @288  1027 (403)
 - public static final 'GL_FRONT' 'I' @292  1028 (404)
 - public static final 'GL_BACK' 'I' @296  1029 (405)
 - public static final 'GL_LEFT' 'I' @300  1030 (406)
 - public static final 'GL_RIGHT' 'I' @304  1031 (407)
 - public static final 'GL_FRONT_AND_BACK' 'I' @308  1032 (408)
 - public static final 'GL_NO_ERROR' 'I' @312  0
 - public static final 'GL_INVALID_ENUM' 'I' @316  1280 (500)
 - public static final 'GL_INVALID_VALUE' 'I' @320  1281 (501)
 - public static final 'GL_INVALID_OPERATION' 'I' @324  1282 (502)
 - public static final 'GL_STACK_OVERFLOW' 'I' @328  1283 (503)
 - public static final 'GL_STACK_UNDERFLOW' 'I' @332  1284 (504)
 - public static final 'GL_OUT_OF_MEMORY' 'I' @336  1285 (505)
 - public static final 'GL_CW' 'I' @340  2304 (900)
 - public static final 'GL_CCW' 'I' @344  2305 (901)
 - public static final 'GL_POINT_SIZE' 'I' @348  2833 (b11)
 - public static final 'GL_POINT_SIZE_RANGE' 'I' @352  2834 (b12)
 - public static final 'GL_POINT_SIZE_GRANULARITY' 'I' @356  2835 (b13)
 - public static final 'GL_LINE_SMOOTH' 'I' @360  2848 (b20)
 - public static final 'GL_LINE_WIDTH' 'I' @364  2849 (b21)
 - public static final 'GL_LINE_WIDTH_RANGE' 'I' @368  2850 (b22)
 - public static final 'GL_LINE_WIDTH_GRANULARITY' 'I' @372  2851 (b23)
 - public static final 'GL_POLYGON_MODE' 'I' @376  2880 (b40)
 - public static final 'GL_POLYGON_SMOOTH' 'I' @380  2881 (b41)
 - public static final 'GL_CULL_FACE' 'I' @384  2884 (b44)
 - public static final 'GL_CULL_FACE_MODE' 'I' @388  2885 (b45)
 - public static final 'GL_FRONT_FACE' 'I' @392  2886 (b46)
 - public static final 'GL_DEPTH_RANGE' 'I' @396  2928 (b70)
 - public static final 'GL_DEPTH_TEST' 'I' @400  2929 (b71)
 - public static final 'GL_DEPTH_WRITEMASK' 'I' @404  2930 (b72)
 - public static final 'GL_DEPTH_CLEAR_VALUE' 'I' @408  2931 (b73)
 - public static final 'GL_DEPTH_FUNC' 'I' @412  2932 (b74)
 - public static final 'GL_STENCIL_TEST' 'I' @416  2960 (b90)
 - public static final 'GL_STENCIL_CLEAR_VALUE' 'I' @420  2961 (b91)
 - public static final 'GL_STENCIL_FUNC' 'I' @424  2962 (b92)
 - public static final 'GL_STENCIL_VALUE_MASK' 'I' @428  2963 (b93)
 - public static final 'GL_STENCIL_FAIL' 'I' @432  2964 (b94)
 - public static final 'GL_STENCIL_PASS_DEPTH_FAIL' 'I' @436  2965 (b95)
 - public static final 'GL_STENCIL_PASS_DEPTH_PASS' 'I' @440  2966 (b96)
 - public static final 'GL_STENCIL_REF' 'I' @444  2967 (b97)
 - public static final 'GL_STENCIL_WRITEMASK' 'I' @448  2968 (b98)
 - public static final 'GL_VIEWPORT' 'I' @452  2978 (ba2)
 - public static final 'GL_DITHER' 'I' @456  3024 (bd0)
 - public static final 'GL_BLEND_DST' 'I' @460  3040 (be0)
 - public static final 'GL_BLEND_SRC' 'I' @464  3041 (be1)
 - public static final 'GL_BLEND' 'I' @468  3042 (be2)
 - public static final 'GL_LOGIC_OP_MODE' 'I' @472  3056 (bf0)
 - public static final 'GL_COLOR_LOGIC_OP' 'I' @476  3058 (bf2)
 - public static final 'GL_DRAW_BUFFER' 'I' @480  3073 (c01)
 - public static final 'GL_READ_BUFFER' 'I' @484  3074 (c02)
 - public static final 'GL_SCISSOR_BOX' 'I' @488  3088 (c10)
 - public static final 'GL_SCISSOR_TEST' 'I' @492  3089 (c11)
 - public static final 'GL_COLOR_CLEAR_VALUE' 'I' @496  3106 (c22)
 - public static final 'GL_COLOR_WRITEMASK' 'I' @500  3107 (c23)
 - public static final 'GL_DOUBLEBUFFER' 'I' @504  3122 (c32)
 - public static final 'GL_STEREO' 'I' @508  3123 (c33)
 - public static final 'GL_LINE_SMOOTH_HINT' 'I' @512  3154 (c52)
 - public static final 'GL_POLYGON_SMOOTH_HINT' 'I' @516  3155 (c53)
 - public static final 'GL_UNPACK_SWAP_BYTES' 'I' @520  3312 (cf0)
 - public static final 'GL_UNPACK_LSB_FIRST' 'I' @524  3313 (cf1)
 - public static final 'GL_UNPACK_ROW_LENGTH' 'I' @528  3314 (cf2)
 - public static final 'GL_UNPACK_SKIP_ROWS' 'I' @532  3315 (cf3)
 - public static final 'GL_UNPACK_SKIP_PIXELS' 'I' @536  3316 (cf4)
 - public static final 'GL_UNPACK_ALIGNMENT' 'I' @540  3317 (cf5)
 - public static final 'GL_PACK_SWAP_BYTES' 'I' @544  3328 (d00)
 - public static final 'GL_PACK_LSB_FIRST' 'I' @548  3329 (d01)
 - public static final 'GL_PACK_ROW_LENGTH' 'I' @552  3330 (d02)
 - public static final 'GL_PACK_SKIP_ROWS' 'I' @556  3331 (d03)
 - public static final 'GL_PACK_SKIP_PIXELS' 'I' @560  3332 (d04)
 - public static final 'GL_PACK_ALIGNMENT' 'I' @564  3333 (d05)
 - public static final 'GL_MAX_TEXTURE_SIZE' 'I' @568  3379 (d33)
 - public static final 'GL_MAX_VIEWPORT_DIMS' 'I' @572  3386 (d3a)
 - public static final 'GL_SUBPIXEL_BITS' 'I' @576  3408 (d50)
 - public static final 'GL_TEXTURE_1D' 'I' @580  3552 (de0)
 - public static final 'GL_TEXTURE_2D' 'I' @584  3553 (de1)
 - public static final 'GL_TEXTURE_WIDTH' 'I' @588  4096 (1000)
 - public static final 'GL_TEXTURE_HEIGHT' 'I' @592  4097 (1001)
 - public static final 'GL_TEXTURE_INTERNAL_FORMAT' 'I' @596  4099 (1003)
 - public static final 'GL_TEXTURE_BORDER_COLOR' 'I' @600  4100 (1004)
 - public static final 'GL_DONT_CARE' 'I' @604  4352 (1100)
 - public static final 'GL_FASTEST' 'I' @608  4353 (1101)
 - public static final 'GL_NICEST' 'I' @612  4354 (1102)
 - public static final 'GL_CLEAR' 'I' @616  5376 (1500)
 - public static final 'GL_AND' 'I' @620  5377 (1501)
 - public static final 'GL_AND_REVERSE' 'I' @624  5378 (1502)
 - public static final 'GL_COPY' 'I' @628  5379 (1503)
 - public static final 'GL_AND_INVERTED' 'I' @632  5380 (1504)
 - public static final 'GL_NOOP' 'I' @636  5381 (1505)
 - public static final 'GL_XOR' 'I' @640  5382 (1506)
 - public static final 'GL_OR' 'I' @644  5383 (1507)
 - public static final 'GL_NOR' 'I' @648  5384 (1508)
 - public static final 'GL_EQUIV' 'I' @652  5385 (1509)
 - public static final 'GL_INVERT' 'I' @656  5386 (150a)
 - public static final 'GL_OR_REVERSE' 'I' @660  5387 (150b)
 - public static final 'GL_COPY_INVERTED' 'I' @664  5388 (150c)
 - public static final 'GL_OR_INVERTED' 'I' @668  5389 (150d)
 - public static final 'GL_NAND' 'I' @672  5390 (150e)
 - public static final 'GL_SET' 'I' @676  5391 (150f)
 - public static final 'GL_TEXTURE' 'I' @680  5890 (1702)
 - public static final 'GL_COLOR' 'I' @684  6144 (1800)
 - public static final 'GL_DEPTH' 'I' @688  6145 (1801)
 - public static final 'GL_STENCIL' 'I' @692  6146 (1802)
 - public static final 'GL_STENCIL_INDEX' 'I' @696  6401 (1901)
 - public static final 'GL_DEPTH_COMPONENT' 'I' @700  6402 (1902)
 - public static final 'GL_RED' 'I' @704  6403 (1903)
 - public static final 'GL_GREEN' 'I' @708  6404 (1904)
 - public static final 'GL_BLUE' 'I' @712  6405 (1905)
 - public static final 'GL_ALPHA' 'I' @716  6406 (1906)
 - public static final 'GL_RGB' 'I' @720  6407 (1907)
 - public static final 'GL_RGBA' 'I' @724  6408 (1908)
 - public static final 'GL_POINT' 'I' @728  6912 (1b00)
 - public static final 'GL_LINE' 'I' @732  6913 (1b01)
 - public static final 'GL_FILL' 'I' @736  6914 (1b02)
 - public static final 'GL_KEEP' 'I' @740  7680 (1e00)
 - public static final 'GL_REPLACE' 'I' @744  7681 (1e01)
 - public static final 'GL_INCR' 'I' @748  7682 (1e02)
 - public static final 'GL_DECR' 'I' @752  7683 (1e03)
 - public static final 'GL_VENDOR' 'I' @756  7936 (1f00)
 - public static final 'GL_RENDERER' 'I' @760  7937 (1f01)
 - public static final 'GL_VERSION' 'I' @764  7938 (1f02)
 - public static final 'GL_EXTENSIONS' 'I' @768  7939 (1f03)
 - public static final 'GL_NEAREST' 'I' @772  9728 (2600)
 - public static final 'GL_LINEAR' 'I' @776  9729 (2601)
 - public static final 'GL_NEAREST_MIPMAP_NEAREST' 'I' @780  9984 (2700)
 - public static final 'GL_LINEAR_MIPMAP_NEAREST' 'I' @784  9985 (2701)
 - public static final 'GL_NEAREST_MIPMAP_LINEAR' 'I' @788  9986 (2702)
 - public static final 'GL_LINEAR_MIPMAP_LINEAR' 'I' @792  9987 (2703)
 - public static final 'GL_TEXTURE_MAG_FILTER' 'I' @796  10240 (2800)
 - public static final 'GL_TEXTURE_MIN_FILTER' 'I' @800  10241 (2801)
 - public static final 'GL_TEXTURE_WRAP_S' 'I' @804  10242 (2802)
 - public static final 'GL_TEXTURE_WRAP_T' 'I' @808  10243 (2803)
 - public static final 'GL_REPEAT' 'I' @812  10497 (2901)
 - public static final 'GL_POLYGON_OFFSET_FACTOR' 'I' @816  32824 (8038)
 - public static final 'GL_POLYGON_OFFSET_UNITS' 'I' @820  10752 (2a00)
 - public static final 'GL_POLYGON_OFFSET_POINT' 'I' @824  10753 (2a01)
 - public static final 'GL_POLYGON_OFFSET_LINE' 'I' @828  10754 (2a02)
 - public static final 'GL_POLYGON_OFFSET_FILL' 'I' @832  32823 (8037)
 - public static final 'GL_R3_G3_B2' 'I' @836  10768 (2a10)
 - public static final 'GL_RGB4' 'I' @840  32847 (804f)
 - public static final 'GL_RGB5' 'I' @844  32848 (8050)
 - public static final 'GL_RGB8' 'I' @848  32849 (8051)
 - public static final 'GL_RGB10' 'I' @852  32850 (8052)
 - public static final 'GL_RGB12' 'I' @856  32851 (8053)
 - public static final 'GL_RGB16' 'I' @860  32852 (8054)
 - public static final 'GL_RGBA2' 'I' @864  32853 (8055)
 - public static final 'GL_RGBA4' 'I' @868  32854 (8056)
 - public static final 'GL_RGB5_A1' 'I' @872  32855 (8057)
 - public static final 'GL_RGBA8' 'I' @876  32856 (8058)
 - public static final 'GL_RGB10_A2' 'I' @880  32857 (8059)
 - public static final 'GL_RGBA12' 'I' @884  32858 (805a)
 - public static final 'GL_RGBA16' 'I' @888  32859 (805b)
 - public static final 'GL_TEXTURE_RED_SIZE' 'I' @892  32860 (805c)
 - public static final 'GL_TEXTURE_GREEN_SIZE' 'I' @896  32861 (805d)
 - public static final 'GL_TEXTURE_BLUE_SIZE' 'I' @900  32862 (805e)
 - public static final 'GL_TEXTURE_ALPHA_SIZE' 'I' @904  32863 (805f)
 - public static final 'GL_PROXY_TEXTURE_1D' 'I' @908  32867 (8063)
 - public static final 'GL_PROXY_TEXTURE_2D' 'I' @912  32868 (8064)
 - public static final 'GL_TEXTURE_BINDING_1D' 'I' @916  32872 (8068)
 - public static final 'GL_TEXTURE_BINDING_2D' 'I' @920  32873 (8069)
 - public static final 'GL_VERTEX_ARRAY' 'I' @924  32884 (8074)
stack at sp + 5 slots: 0x000001eb3bd5af78 is at code_begin+24 in an Interpreter codelet
result handlers for native calls  [0x000001eb3bd5af60, 0x000001eb3bd5af80]  32 bytes
stack at sp + 6 slots: 0x000001eb6350d040 is an unknown value
stack at sp + 7 slots: 0x0 is NULL


---------------  P R O C E S S  ---------------

Threads class SMR info:
_java_thread_list=0x000001eb6151fc90, length=16, elements={
0x000001eb32d0ab90, 0x000001eb57997290, 0x000001eb57998100, 0x000001eb579ad350,
0x000001eb579adf00, 0x000001eb579b08c0, 0x000001eb579b1270, 0x000001eb579b5450,
0x000001eb579b5ef0, 0x000001eb579c0900, 0x000001eb57982e70, 0x000001eb5868b4e0,
0x000001eb5868b9b0, 0x000001eb6128eee0, 0x000001eb61274010, 0x000001eb61329a70
}

Java Threads: ( => current thread )
=>0x000001eb32d0ab90 JavaThread "main" [_thread_in_native, id=49020, stack(0x0000009d40100000,0x0000009d40200000)]
  0x000001eb57997290 JavaThread "Reference Handler" daemon [_thread_blocked, id=54816, stack(0x0000009d40800000,0x0000009d40900000)]
  0x000001eb57998100 JavaThread "Finalizer" daemon [_thread_blocked, id=53880, stack(0x0000009d40900000,0x0000009d40a00000)]
  0x000001eb579ad350 JavaThread "Signal Dispatcher" daemon [_thread_blocked, id=32688, stack(0x0000009d40a00000,0x0000009d40b00000)]
  0x000001eb579adf00 JavaThread "Attach Listener" daemon [_thread_blocked, id=41688, stack(0x0000009d40b00000,0x0000009d40c00000)]
  0x000001eb579b08c0 JavaThread "Service Thread" daemon [_thread_blocked, id=37196, stack(0x0000009d40c00000,0x0000009d40d00000)]
  0x000001eb579b1270 JavaThread "Monitor Deflation Thread" daemon [_thread_blocked, id=55412, stack(0x0000009d40d00000,0x0000009d40e00000)]
  0x000001eb579b5450 JavaThread "C2 CompilerThread0" daemon [_thread_blocked, id=50816, stack(0x0000009d40e00000,0x0000009d40f00000)]
  0x000001eb579b5ef0 JavaThread "C1 CompilerThread0" daemon [_thread_blocked, id=28096, stack(0x0000009d40f00000,0x0000009d41000000)]
  0x000001eb579c0900 JavaThread "Sweeper thread" daemon [_thread_blocked, id=48520, stack(0x0000009d41000000,0x0000009d41100000)]
  0x000001eb57982e70 JavaThread "Common-Cleaner" daemon [_thread_blocked, id=44044, stack(0x0000009d41100000,0x0000009d41200000)]
  0x000001eb5868b4e0 JavaThread "Monitor Ctrl-Break" daemon [_thread_in_native, id=53864, stack(0x0000009d41200000,0x0000009d41300000)]
  0x000001eb5868b9b0 JavaThread "Notification Thread" daemon [_thread_blocked, id=54964, stack(0x0000009d41300000,0x0000009d41400000)]
  0x000001eb6128eee0 JavaThread "Java2D Disposer" daemon [_thread_blocked, id=52300, stack(0x0000009d41500000,0x0000009d41600000)]
  0x000001eb61274010 JavaThread "C2 CompilerThread1" daemon [_thread_blocked, id=49404, stack(0x0000009d41c00000,0x0000009d41d00000)]
  0x000001eb61329a70 JavaThread "C2 CompilerThread2" daemon [_thread_blocked, id=52196, stack(0x0000009d42400000,0x0000009d42500000)]

Other Threads:
  0x000001eb579919e0 VMThread "VM Thread" [stack: 0x0000009d40700000,0x0000009d40800000] [id=48348]
  0x000001eb32d843a0 WatcherThread [stack: 0x0000009d41400000,0x0000009d41500000] [id=53788]
  0x000001eb32d5a0d0 GCTaskThread "GC Thread#0" [stack: 0x0000009d40200000,0x0000009d40300000] [id=55908]
  0x000001eb58fe9980 GCTaskThread "GC Thread#1" [stack: 0x0000009d41d00000,0x0000009d41e00000] [id=52616]
  0x000001eb60e40810 GCTaskThread "GC Thread#2" [stack: 0x0000009d41e00000,0x0000009d41f00000] [id=13136]
  0x000001eb58974660 GCTaskThread "GC Thread#3" [stack: 0x0000009d41f00000,0x0000009d42000000] [id=55968]
  0x000001eb58974910 GCTaskThread "GC Thread#4" [stack: 0x0000009d42000000,0x0000009d42100000] [id=55272]
  0x000001eb610578e0 GCTaskThread "GC Thread#5" [stack: 0x0000009d42100000,0x0000009d42200000] [id=55268]
  0x000001eb60f53c20 GCTaskThread "GC Thread#6" [stack: 0x0000009d42200000,0x0000009d42300000] [id=51244]
  0x000001eb60f56b30 GCTaskThread "GC Thread#7" [stack: 0x0000009d42300000,0x0000009d42400000] [id=47780]
  0x000001eb32d6ae20 ConcurrentGCThread "G1 Main Marker" [stack: 0x0000009d40300000,0x0000009d40400000] [id=54096]
  0x000001eb32d6cfe0 ConcurrentGCThread "G1 Conc#0" [stack: 0x0000009d40400000,0x0000009d40500000] [id=53272]
  0x000001eb32ddd900 ConcurrentGCThread "G1 Refine#0" [stack: 0x0000009d40500000,0x0000009d40600000] [id=42536]
  0x000001eb32dde320 ConcurrentGCThread "G1 Service" [stack: 0x0000009d40600000,0x0000009d40700000] [id=53988]

Threads with active compile tasks:

VM state: not at safepoint (normal execution)

VM Mutex/Monitor currently owned by a thread: None

Heap address: 0x0000000701e00000, size: 4066 MB, Compressed Oops mode: Zero based, Oop shift amount: 3

CDS archive(s) mapped at: [0x0000000800000000-0x0000000800bc0000-0x0000000800bc0000), size 12320768, SharedBaseAddress: 0x0000000800000000, ArchiveRelocationMode: 0.
Compressed class space mapped at: 0x0000000800c00000-0x0000000840c00000, reserved size: 1073741824
Narrow klass base: 0x0000000800000000, Narrow klass shift: 0, Narrow klass range: 0x100000000

GC Precious Log:
 CPUs: 8 total, 8 available
 Memory: 16258M
 Large Page Support: Disabled
 NUMA Support: Disabled
 Compressed Oops: Enabled (Zero based)
 Heap Region Size: 2M
 Heap Min Capacity: 8M
 Heap Initial Capacity: 256M
 Heap Max Capacity: 4066M
 Pre-touch: Disabled
 Parallel Workers: 8
 Concurrent Workers: 2
 Concurrent Refinement Workers: 8
 Periodic GC: Disabled

Heap:
 garbage-first heap   total 262144K, used 20949K [0x0000000701e00000, 0x0000000800000000)
  region size 2048K, 11 young (22528K), 2 survivors (4096K)
 Metaspace       used 8362K, committed 8576K, reserved 1064960K
  class space    used 512K, committed 640K, reserved 1048576K

Heap Regions: E=young(eden), S=young(survivor), O=old, HS=humongous(starts), HC=humongous(continues), CS=collection set, F=free, OA=open archive, CA=closed archive, TAMS=top-at-mark-start (previous, next)
|   0|0x0000000701e00000, 0x0000000702000000, 0x0000000702000000|100%|HS|  |TAMS 0x0000000701e00000, 0x0000000701e00000| Complete 
|   1|0x0000000702000000, 0x0000000702000000, 0x0000000702200000|  0%| F|  |TAMS 0x0000000702000000, 0x0000000702000000| Untracked 
|   2|0x0000000702200000, 0x0000000702200000, 0x0000000702400000|  0%| F|  |TAMS 0x0000000702200000, 0x0000000702200000| Untracked 
|   3|0x0000000702400000, 0x0000000702400000, 0x0000000702600000|  0%| F|  |TAMS 0x0000000702400000, 0x0000000702400000| Untracked 
|   4|0x0000000702600000, 0x0000000702600000, 0x0000000702800000|  0%| F|  |TAMS 0x0000000702600000, 0x0000000702600000| Untracked 
|   5|0x0000000702800000, 0x0000000702800000, 0x0000000702a00000|  0%| F|  |TAMS 0x0000000702800000, 0x0000000702800000| Untracked 
|   6|0x0000000702a00000, 0x0000000702a00000, 0x0000000702c00000|  0%| F|  |TAMS 0x0000000702a00000, 0x0000000702a00000| Untracked 
|   7|0x0000000702c00000, 0x0000000702c00000, 0x0000000702e00000|  0%| F|  |TAMS 0x0000000702c00000, 0x0000000702c00000| Untracked 
|   8|0x0000000702e00000, 0x0000000702e00000, 0x0000000703000000|  0%| F|  |TAMS 0x0000000702e00000, 0x0000000702e00000| Untracked 
|   9|0x0000000703000000, 0x0000000703000000, 0x0000000703200000|  0%| F|  |TAMS 0x0000000703000000, 0x0000000703000000| Untracked 
|  10|0x0000000703200000, 0x0000000703200000, 0x0000000703400000|  0%| F|  |TAMS 0x0000000703200000, 0x0000000703200000| Untracked 
|  11|0x0000000703400000, 0x0000000703400000, 0x0000000703600000|  0%| F|  |TAMS 0x0000000703400000, 0x0000000703400000| Untracked 
|  12|0x0000000703600000, 0x0000000703600000, 0x0000000703800000|  0%| F|  |TAMS 0x0000000703600000, 0x0000000703600000| Untracked 
|  13|0x0000000703800000, 0x0000000703800000, 0x0000000703a00000|  0%| F|  |TAMS 0x0000000703800000, 0x0000000703800000| Untracked 
|  14|0x0000000703a00000, 0x0000000703a00000, 0x0000000703c00000|  0%| F|  |TAMS 0x0000000703a00000, 0x0000000703a00000| Untracked 
|  15|0x0000000703c00000, 0x0000000703c00000, 0x0000000703e00000|  0%| F|  |TAMS 0x0000000703c00000, 0x0000000703c00000| Untracked 
|  16|0x0000000703e00000, 0x0000000703e00000, 0x0000000704000000|  0%| F|  |TAMS 0x0000000703e00000, 0x0000000703e00000| Untracked 
|  17|0x0000000704000000, 0x0000000704000000, 0x0000000704200000|  0%| F|  |TAMS 0x0000000704000000, 0x0000000704000000| Untracked 
|  18|0x0000000704200000, 0x0000000704200000, 0x0000000704400000|  0%| F|  |TAMS 0x0000000704200000, 0x0000000704200000| Untracked 
|  19|0x0000000704400000, 0x0000000704400000, 0x0000000704600000|  0%| F|  |TAMS 0x0000000704400000, 0x0000000704400000| Untracked 
|  20|0x0000000704600000, 0x0000000704600000, 0x0000000704800000|  0%| F|  |TAMS 0x0000000704600000, 0x0000000704600000| Untracked 
|  21|0x0000000704800000, 0x0000000704800000, 0x0000000704a00000|  0%| F|  |TAMS 0x0000000704800000, 0x0000000704800000| Untracked 
|  22|0x0000000704a00000, 0x0000000704a00000, 0x0000000704c00000|  0%| F|  |TAMS 0x0000000704a00000, 0x0000000704a00000| Untracked 
|  23|0x0000000704c00000, 0x0000000704c00000, 0x0000000704e00000|  0%| F|  |TAMS 0x0000000704c00000, 0x0000000704c00000| Untracked 
|  24|0x0000000704e00000, 0x0000000704e00000, 0x0000000705000000|  0%| F|  |TAMS 0x0000000704e00000, 0x0000000704e00000| Untracked 
|  25|0x0000000705000000, 0x0000000705000000, 0x0000000705200000|  0%| F|  |TAMS 0x0000000705000000, 0x0000000705000000| Untracked 
|  26|0x0000000705200000, 0x0000000705200000, 0x0000000705400000|  0%| F|  |TAMS 0x0000000705200000, 0x0000000705200000| Untracked 
|  27|0x0000000705400000, 0x0000000705400000, 0x0000000705600000|  0%| F|  |TAMS 0x0000000705400000, 0x0000000705400000| Untracked 
|  28|0x0000000705600000, 0x0000000705600000, 0x0000000705800000|  0%| F|  |TAMS 0x0000000705600000, 0x0000000705600000| Untracked 
|  29|0x0000000705800000, 0x0000000705800000, 0x0000000705a00000|  0%| F|  |TAMS 0x0000000705800000, 0x0000000705800000| Untracked 
|  30|0x0000000705a00000, 0x0000000705a00000, 0x0000000705c00000|  0%| F|  |TAMS 0x0000000705a00000, 0x0000000705a00000| Untracked 
|  31|0x0000000705c00000, 0x0000000705c00000, 0x0000000705e00000|  0%| F|  |TAMS 0x0000000705c00000, 0x0000000705c00000| Untracked 
|  32|0x0000000705e00000, 0x0000000705e00000, 0x0000000706000000|  0%| F|  |TAMS 0x0000000705e00000, 0x0000000705e00000| Untracked 
|  33|0x0000000706000000, 0x0000000706000000, 0x0000000706200000|  0%| F|  |TAMS 0x0000000706000000, 0x0000000706000000| Untracked 
|  34|0x0000000706200000, 0x0000000706200000, 0x0000000706400000|  0%| F|  |TAMS 0x0000000706200000, 0x0000000706200000| Untracked 
|  35|0x0000000706400000, 0x0000000706400000, 0x0000000706600000|  0%| F|  |TAMS 0x0000000706400000, 0x0000000706400000| Untracked 
|  36|0x0000000706600000, 0x0000000706600000, 0x0000000706800000|  0%| F|  |TAMS 0x0000000706600000, 0x0000000706600000| Untracked 
|  37|0x0000000706800000, 0x0000000706800000, 0x0000000706a00000|  0%| F|  |TAMS 0x0000000706800000, 0x0000000706800000| Untracked 
|  38|0x0000000706a00000, 0x0000000706a00000, 0x0000000706c00000|  0%| F|  |TAMS 0x0000000706a00000, 0x0000000706a00000| Untracked 
|  39|0x0000000706c00000, 0x0000000706c00000, 0x0000000706e00000|  0%| F|  |TAMS 0x0000000706c00000, 0x0000000706c00000| Untracked 
|  40|0x0000000706e00000, 0x0000000706e00000, 0x0000000707000000|  0%| F|  |TAMS 0x0000000706e00000, 0x0000000706e00000| Untracked 
|  41|0x0000000707000000, 0x0000000707000000, 0x0000000707200000|  0%| F|  |TAMS 0x0000000707000000, 0x0000000707000000| Untracked 
|  42|0x0000000707200000, 0x0000000707200000, 0x0000000707400000|  0%| F|  |TAMS 0x0000000707200000, 0x0000000707200000| Untracked 
|  43|0x0000000707400000, 0x0000000707400000, 0x0000000707600000|  0%| F|  |TAMS 0x0000000707400000, 0x0000000707400000| Untracked 
|  44|0x0000000707600000, 0x0000000707600000, 0x0000000707800000|  0%| F|  |TAMS 0x0000000707600000, 0x0000000707600000| Untracked 
|  45|0x0000000707800000, 0x0000000707800000, 0x0000000707a00000|  0%| F|  |TAMS 0x0000000707800000, 0x0000000707800000| Untracked 
|  46|0x0000000707a00000, 0x0000000707a00000, 0x0000000707c00000|  0%| F|  |TAMS 0x0000000707a00000, 0x0000000707a00000| Untracked 
|  47|0x0000000707c00000, 0x0000000707c00000, 0x0000000707e00000|  0%| F|  |TAMS 0x0000000707c00000, 0x0000000707c00000| Untracked 
|  48|0x0000000707e00000, 0x0000000707e00000, 0x0000000708000000|  0%| F|  |TAMS 0x0000000707e00000, 0x0000000707e00000| Untracked 
|  49|0x0000000708000000, 0x0000000708000000, 0x0000000708200000|  0%| F|  |TAMS 0x0000000708000000, 0x0000000708000000| Untracked 
|  50|0x0000000708200000, 0x0000000708200000, 0x0000000708400000|  0%| F|  |TAMS 0x0000000708200000, 0x0000000708200000| Untracked 
|  51|0x0000000708400000, 0x0000000708400000, 0x0000000708600000|  0%| F|  |TAMS 0x0000000708400000, 0x0000000708400000| Untracked 
|  52|0x0000000708600000, 0x0000000708600000, 0x0000000708800000|  0%| F|  |TAMS 0x0000000708600000, 0x0000000708600000| Untracked 
|  53|0x0000000708800000, 0x0000000708800000, 0x0000000708a00000|  0%| F|  |TAMS 0x0000000708800000, 0x0000000708800000| Untracked 
|  54|0x0000000708a00000, 0x0000000708a00000, 0x0000000708c00000|  0%| F|  |TAMS 0x0000000708a00000, 0x0000000708a00000| Untracked 
|  55|0x0000000708c00000, 0x0000000708c00000, 0x0000000708e00000|  0%| F|  |TAMS 0x0000000708c00000, 0x0000000708c00000| Untracked 
|  56|0x0000000708e00000, 0x0000000708e00000, 0x0000000709000000|  0%| F|  |TAMS 0x0000000708e00000, 0x0000000708e00000| Untracked 
|  57|0x0000000709000000, 0x0000000709000000, 0x0000000709200000|  0%| F|  |TAMS 0x0000000709000000, 0x0000000709000000| Untracked 
|  58|0x0000000709200000, 0x0000000709200000, 0x0000000709400000|  0%| F|  |TAMS 0x0000000709200000, 0x0000000709200000| Untracked 
|  59|0x0000000709400000, 0x0000000709400000, 0x0000000709600000|  0%| F|  |TAMS 0x0000000709400000, 0x0000000709400000| Untracked 
|  60|0x0000000709600000, 0x0000000709600000, 0x0000000709800000|  0%| F|  |TAMS 0x0000000709600000, 0x0000000709600000| Untracked 
|  61|0x0000000709800000, 0x0000000709800000, 0x0000000709a00000|  0%| F|  |TAMS 0x0000000709800000, 0x0000000709800000| Untracked 
|  62|0x0000000709a00000, 0x0000000709a00000, 0x0000000709c00000|  0%| F|  |TAMS 0x0000000709a00000, 0x0000000709a00000| Untracked 
|  63|0x0000000709c00000, 0x0000000709c00000, 0x0000000709e00000|  0%| F|  |TAMS 0x0000000709c00000, 0x0000000709c00000| Untracked 
|  64|0x0000000709e00000, 0x0000000709e00000, 0x000000070a000000|  0%| F|  |TAMS 0x0000000709e00000, 0x0000000709e00000| Untracked 
|  65|0x000000070a000000, 0x000000070a000000, 0x000000070a200000|  0%| F|  |TAMS 0x000000070a000000, 0x000000070a000000| Untracked 
|  66|0x000000070a200000, 0x000000070a200000, 0x000000070a400000|  0%| F|  |TAMS 0x000000070a200000, 0x000000070a200000| Untracked 
|  67|0x000000070a400000, 0x000000070a400000, 0x000000070a600000|  0%| F|  |TAMS 0x000000070a400000, 0x000000070a400000| Untracked 
|  68|0x000000070a600000, 0x000000070a600000, 0x000000070a800000|  0%| F|  |TAMS 0x000000070a600000, 0x000000070a600000| Untracked 
|  69|0x000000070a800000, 0x000000070a800000, 0x000000070aa00000|  0%| F|  |TAMS 0x000000070a800000, 0x000000070a800000| Untracked 
|  70|0x000000070aa00000, 0x000000070aa00000, 0x000000070ac00000|  0%| F|  |TAMS 0x000000070aa00000, 0x000000070aa00000| Untracked 
|  71|0x000000070ac00000, 0x000000070ac00000, 0x000000070ae00000|  0%| F|  |TAMS 0x000000070ac00000, 0x000000070ac00000| Untracked 
|  72|0x000000070ae00000, 0x000000070ae00000, 0x000000070b000000|  0%| F|  |TAMS 0x000000070ae00000, 0x000000070ae00000| Untracked 
|  73|0x000000070b000000, 0x000000070b000000, 0x000000070b200000|  0%| F|  |TAMS 0x000000070b000000, 0x000000070b000000| Untracked 
|  74|0x000000070b200000, 0x000000070b200000, 0x000000070b400000|  0%| F|  |TAMS 0x000000070b200000, 0x000000070b200000| Untracked 
|  75|0x000000070b400000, 0x000000070b400000, 0x000000070b600000|  0%| F|  |TAMS 0x000000070b400000, 0x000000070b400000| Untracked 
|  76|0x000000070b600000, 0x000000070b600000, 0x000000070b800000|  0%| F|  |TAMS 0x000000070b600000, 0x000000070b600000| Untracked 
|  77|0x000000070b800000, 0x000000070b800000, 0x000000070ba00000|  0%| F|  |TAMS 0x000000070b800000, 0x000000070b800000| Untracked 
|  78|0x000000070ba00000, 0x000000070ba00000, 0x000000070bc00000|  0%| F|  |TAMS 0x000000070ba00000, 0x000000070ba00000| Untracked 
|  79|0x000000070bc00000, 0x000000070bc00000, 0x000000070be00000|  0%| F|  |TAMS 0x000000070bc00000, 0x000000070bc00000| Untracked 
|  80|0x000000070be00000, 0x000000070be00000, 0x000000070c000000|  0%| F|  |TAMS 0x000000070be00000, 0x000000070be00000| Untracked 
|  81|0x000000070c000000, 0x000000070c000000, 0x000000070c200000|  0%| F|  |TAMS 0x000000070c000000, 0x000000070c000000| Untracked 
|  82|0x000000070c200000, 0x000000070c200000, 0x000000070c400000|  0%| F|  |TAMS 0x000000070c200000, 0x000000070c200000| Untracked 
|  83|0x000000070c400000, 0x000000070c400000, 0x000000070c600000|  0%| F|  |TAMS 0x000000070c400000, 0x000000070c400000| Untracked 
|  84|0x000000070c600000, 0x000000070c600000, 0x000000070c800000|  0%| F|  |TAMS 0x000000070c600000, 0x000000070c600000| Untracked 
|  85|0x000000070c800000, 0x000000070c800000, 0x000000070ca00000|  0%| F|  |TAMS 0x000000070c800000, 0x000000070c800000| Untracked 
|  86|0x000000070ca00000, 0x000000070ca00000, 0x000000070cc00000|  0%| F|  |TAMS 0x000000070ca00000, 0x000000070ca00000| Untracked 
|  87|0x000000070cc00000, 0x000000070cc00000, 0x000000070ce00000|  0%| F|  |TAMS 0x000000070cc00000, 0x000000070cc00000| Untracked 
|  88|0x000000070ce00000, 0x000000070ce00000, 0x000000070d000000|  0%| F|  |TAMS 0x000000070ce00000, 0x000000070ce00000| Untracked 
|  89|0x000000070d000000, 0x000000070d000000, 0x000000070d200000|  0%| F|  |TAMS 0x000000070d000000, 0x000000070d000000| Untracked 
|  90|0x000000070d200000, 0x000000070d200000, 0x000000070d400000|  0%| F|  |TAMS 0x000000070d200000, 0x000000070d200000| Untracked 
|  91|0x000000070d400000, 0x000000070d400000, 0x000000070d600000|  0%| F|  |TAMS 0x000000070d400000, 0x000000070d400000| Untracked 
|  92|0x000000070d600000, 0x000000070d600000, 0x000000070d800000|  0%| F|  |TAMS 0x000000070d600000, 0x000000070d600000| Untracked 
|  93|0x000000070d800000, 0x000000070d800000, 0x000000070da00000|  0%| F|  |TAMS 0x000000070d800000, 0x000000070d800000| Untracked 
|  94|0x000000070da00000, 0x000000070da00000, 0x000000070dc00000|  0%| F|  |TAMS 0x000000070da00000, 0x000000070da00000| Untracked 
|  95|0x000000070dc00000, 0x000000070dc00000, 0x000000070de00000|  0%| F|  |TAMS 0x000000070dc00000, 0x000000070dc00000| Untracked 
|  96|0x000000070de00000, 0x000000070de00000, 0x000000070e000000|  0%| F|  |TAMS 0x000000070de00000, 0x000000070de00000| Untracked 
|  97|0x000000070e000000, 0x000000070e000000, 0x000000070e200000|  0%| F|  |TAMS 0x000000070e000000, 0x000000070e000000| Untracked 
|  98|0x000000070e200000, 0x000000070e200000, 0x000000070e400000|  0%| F|  |TAMS 0x000000070e200000, 0x000000070e200000| Untracked 
|  99|0x000000070e400000, 0x000000070e400000, 0x000000070e600000|  0%| F|  |TAMS 0x000000070e400000, 0x000000070e400000| Untracked 
| 100|0x000000070e600000, 0x000000070e600000, 0x000000070e800000|  0%| F|  |TAMS 0x000000070e600000, 0x000000070e600000| Untracked 
| 101|0x000000070e800000, 0x000000070e800000, 0x000000070ea00000|  0%| F|  |TAMS 0x000000070e800000, 0x000000070e800000| Untracked 
| 102|0x000000070ea00000, 0x000000070ea00000, 0x000000070ec00000|  0%| F|  |TAMS 0x000000070ea00000, 0x000000070ea00000| Untracked 
| 103|0x000000070ec00000, 0x000000070ec00000, 0x000000070ee00000|  0%| F|  |TAMS 0x000000070ec00000, 0x000000070ec00000| Untracked 
| 104|0x000000070ee00000, 0x000000070ee00000, 0x000000070f000000|  0%| F|  |TAMS 0x000000070ee00000, 0x000000070ee00000| Untracked 
| 105|0x000000070f000000, 0x000000070f000000, 0x000000070f200000|  0%| F|  |TAMS 0x000000070f000000, 0x000000070f000000| Untracked 
| 106|0x000000070f200000, 0x000000070f200000, 0x000000070f400000|  0%| F|  |TAMS 0x000000070f200000, 0x000000070f200000| Untracked 
| 107|0x000000070f400000, 0x000000070f400000, 0x000000070f600000|  0%| F|  |TAMS 0x000000070f400000, 0x000000070f400000| Untracked 
| 108|0x000000070f600000, 0x000000070f600000, 0x000000070f800000|  0%| F|  |TAMS 0x000000070f600000, 0x000000070f600000| Untracked 
| 109|0x000000070f800000, 0x000000070f800000, 0x000000070fa00000|  0%| F|  |TAMS 0x000000070f800000, 0x000000070f800000| Untracked 
| 110|0x000000070fa00000, 0x000000070fa00000, 0x000000070fc00000|  0%| F|  |TAMS 0x000000070fa00000, 0x000000070fa00000| Untracked 
| 111|0x000000070fc00000, 0x000000070fc00000, 0x000000070fe00000|  0%| F|  |TAMS 0x000000070fc00000, 0x000000070fc00000| Untracked 
| 112|0x000000070fe00000, 0x000000070fe00000, 0x0000000710000000|  0%| F|  |TAMS 0x000000070fe00000, 0x000000070fe00000| Untracked 
| 113|0x0000000710000000, 0x0000000710000000, 0x0000000710200000|  0%| F|  |TAMS 0x0000000710000000, 0x0000000710000000| Untracked 
| 114|0x0000000710200000, 0x0000000710200000, 0x0000000710400000|  0%| F|  |TAMS 0x0000000710200000, 0x0000000710200000| Untracked 
| 115|0x0000000710400000, 0x0000000710475538, 0x0000000710600000| 22%| S|CS|TAMS 0x0000000710400000, 0x0000000710400000| Complete 
| 116|0x0000000710600000, 0x0000000710800000, 0x0000000710800000|100%| S|CS|TAMS 0x0000000710600000, 0x0000000710600000| Complete 
| 117|0x0000000710800000, 0x0000000710800000, 0x0000000710a00000|  0%| F|  |TAMS 0x0000000710800000, 0x0000000710800000| Untracked 
| 118|0x0000000710a00000, 0x0000000710a00000, 0x0000000710c00000|  0%| F|  |TAMS 0x0000000710a00000, 0x0000000710a00000| Untracked 
| 119|0x0000000710c00000, 0x0000000710cb8d28, 0x0000000710e00000| 36%| E|  |TAMS 0x0000000710c00000, 0x0000000710c00000| Complete 
| 120|0x0000000710e00000, 0x0000000711000000, 0x0000000711000000|100%| E|CS|TAMS 0x0000000710e00000, 0x0000000710e00000| Complete 
| 121|0x0000000711000000, 0x0000000711200000, 0x0000000711200000|100%| E|CS|TAMS 0x0000000711000000, 0x0000000711000000| Complete 
| 122|0x0000000711200000, 0x0000000711400000, 0x0000000711400000|100%| E|CS|TAMS 0x0000000711200000, 0x0000000711200000| Complete 
| 123|0x0000000711400000, 0x0000000711600000, 0x0000000711600000|100%| E|CS|TAMS 0x0000000711400000, 0x0000000711400000| Complete 
| 124|0x0000000711600000, 0x0000000711800000, 0x0000000711800000|100%| E|CS|TAMS 0x0000000711600000, 0x0000000711600000| Complete 
| 125|0x0000000711800000, 0x0000000711a00000, 0x0000000711a00000|100%| E|CS|TAMS 0x0000000711800000, 0x0000000711800000| Complete 
| 126|0x0000000711a00000, 0x0000000711c00000, 0x0000000711c00000|100%| E|CS|TAMS 0x0000000711a00000, 0x0000000711a00000| Complete 
| 127|0x0000000711c00000, 0x0000000711e00000, 0x0000000711e00000|100%| E|CS|TAMS 0x0000000711c00000, 0x0000000711c00000| Complete 

Card table byte_map: [0x000001eb4bfb0000,0x000001eb4c7b0000] _byte_map_base: 0x000001eb487a1000

Marking Bits (Prev, Next): (CMBitMap*) 0x000001eb32d5a6e0, (CMBitMap*) 0x000001eb32d5a720
 Prev Bits: [0x000001eb4cfb0000, 0x000001eb50f38000)
 Next Bits: [0x000001eb50f40000, 0x000001eb54ec8000)

Polling page: 0x000001eb32bd0000

Metaspace:

Usage:
  Non-class:      7.67 MB used.
      Class:    512.34 KB used.
       Both:      8.17 MB used.

Virtual space:
  Non-class space:       16.00 MB reserved,       7.75 MB ( 48%) committed,  2 nodes.
      Class space:        1.00 GB reserved,     640.00 KB ( <1%) committed,  1 nodes.
             Both:        1.02 GB reserved,       8.38 MB ( <1%) committed. 

Chunk freelists:
   Non-Class:  3.56 MB
       Class:  3.22 MB
        Both:  6.79 MB

MaxMetaspaceSize: unlimited
CompressedClassSpaceSize: 1.00 GB
Initial GC threshold: 21.00 MB
Current GC threshold: 21.00 MB
CDS: on
MetaspaceReclaimPolicy: balanced
 - commit_granule_bytes: 65536.
 - commit_granule_words: 8192.
 - virtual_space_node_default_size: 1048576.
 - enlarge_chunks_in_place: 1.
 - new_chunks_are_fully_committed: 0.
 - uncommit_free_chunks: 1.
 - use_allocation_guard: 0.
 - handle_deallocations: 1.


Internal statistics:

num_allocs_failed_limit: 0.
num_arena_births: 134.
num_arena_deaths: 0.
num_vsnodes_births: 3.
num_vsnodes_deaths: 0.
num_space_committed: 132.
num_space_uncommitted: 0.
num_chunks_returned_to_freelist: 0.
num_chunks_taken_from_freelist: 331.
num_chunk_merges: 0.
num_chunk_splits: 230.
num_chunks_enlarged: 167.
num_purges: 0.
num_inconsistent_stats: 0.

CodeHeap 'non-profiled nmethods': size=120000Kb used=401Kb max_used=401Kb free=119598Kb
 bounds [0x000001eb43820000, 0x000001eb43a90000, 0x000001eb4ad50000]
CodeHeap 'profiled nmethods': size=120000Kb used=1792Kb max_used=1792Kb free=118207Kb
 bounds [0x000001eb3c2f0000, 0x000001eb3c560000, 0x000001eb43820000]
CodeHeap 'non-nmethods': size=5760Kb used=1726Kb max_used=1752Kb free=4033Kb
 bounds [0x000001eb3bd50000, 0x000001eb3bfc0000, 0x000001eb3c2f0000]
 total_blobs=2296 nmethods=1102 adapters=1107
 compilation: enabled
              stopped_count=0, restarted_count=0
 full_count=0

Compilation events (20 events):
Event: 1.138 Thread 0x000001eb579b5450 1093       4       java.util.ArrayList$Itr::hasNext (20 bytes)
Event: 1.138 Thread 0x000001eb579b5450 nmethod 1093 0x000001eb4387e090 code [0x000001eb4387e200, 0x000001eb4387e298]
Event: 1.138 Thread 0x000001eb579b5450 1095       4       java.util.ArrayList::set (24 bytes)
Event: 1.140 Thread 0x000001eb579b5ef0 nmethod 1092% 0x000001eb3c4a1490 code [0x000001eb3c4a1bc0, 0x000001eb3c4a6878]
Event: 1.140 Thread 0x000001eb579b5ef0 1096 %     3       org.example.mesh.AnimatedAssimpGlbMesh::loadBones @ 203 (408 bytes)
Event: 1.141 Thread 0x000001eb61329a70 nmethod 1081 0x000001eb4387e390 code [0x000001eb4387e560, 0x000001eb4387f008]
Event: 1.141 Thread 0x000001eb61329a70 1090       4       java.lang.Float::valueOf (9 bytes)
Event: 1.142 Thread 0x000001eb579b5450 nmethod 1095 0x000001eb4387f510 code [0x000001eb4387f6a0, 0x000001eb4387f8d8]
Event: 1.142 Thread 0x000001eb579b5450 1097       4       java.util.ArrayList::iterator (9 bytes)
Event: 1.142 Thread 0x000001eb61329a70 nmethod 1090 0x000001eb4387fa10 code [0x000001eb4387fb80, 0x000001eb4387fc38]
Event: 1.142 Thread 0x000001eb579b5450 nmethod 1097 0x000001eb4387fd10 code [0x000001eb4387fea0, 0x000001eb4387ff98]
Event: 1.144 Thread 0x000001eb579b5ef0 nmethod 1096% 0x000001eb3c4a8110 code [0x000001eb3c4a8840, 0x000001eb3c4ad518]
Event: 1.144 Thread 0x000001eb579b5450 1098 %     4       org.example.mesh.AnimatedAssimpGlbMesh::loadBones @ 320 (408 bytes)
Event: 1.145 Thread 0x000001eb61274010 nmethod 1079 0x000001eb43880090 code [0x000001eb43880260, 0x000001eb43880cc8]
Event: 1.179 Thread 0x000001eb579b5450 nmethod 1098% 0x000001eb43881190 code [0x000001eb43881420, 0x000001eb43883318]
Event: 1.188 Thread 0x000001eb579b5ef0 1099       3       java.lang.String::equalsIgnoreCase (45 bytes)
Event: 1.189 Thread 0x000001eb579b5ef0 nmethod 1099 0x000001eb3c4aee10 code [0x000001eb3c4af000, 0x000001eb3c4af568]
Event: 1.189 Thread 0x000001eb579b5ef0 1100       3       org.joml.Matrix4f::_m00 (7 bytes)
Event: 1.189 Thread 0x000001eb579b5ef0 nmethod 1100 0x000001eb3c4af790 code [0x000001eb3c4af920, 0x000001eb3c4afa38]
Event: 1.189 Thread 0x000001eb579b5ef0 1101       3       org.joml.Matrix4f::_m11 (7 bytes)

GC Heap History (2 events):
Event: 0.944 GC heap before
{Heap before GC invocations=0 (full 0):
 garbage-first heap   total 262144K, used 22528K [0x0000000701e00000, 0x0000000800000000)
  region size 2048K, 11 young (22528K), 0 survivors (0K)
 Metaspace       used 7617K, committed 7872K, reserved 1056768K
  class space    used 476K, committed 576K, reserved 1048576K
}
Event: 0.946 GC heap after
{Heap after GC invocations=1 (full 0):
 garbage-first heap   total 262144K, used 4565K [0x0000000701e00000, 0x0000000800000000)
  region size 2048K, 2 young (4096K), 2 survivors (4096K)
 Metaspace       used 7617K, committed 7872K, reserved 1056768K
  class space    used 476K, committed 576K, reserved 1048576K
}

Deoptimization events (20 events):
Event: 0.900 Thread 0x000001eb32d0ab90 DEOPT PACKING pc=0x000001eb3c45bbb8 sp=0x0000009d401fe660
Event: 0.900 Thread 0x000001eb32d0ab90 DEOPT UNPACKING pc=0x000001eb3bda2b43 sp=0x0000009d401fdb68 mode 0
Event: 0.900 Thread 0x000001eb32d0ab90 DEOPT PACKING pc=0x000001eb3c45bbb8 sp=0x0000009d401fe6e0
Event: 0.900 Thread 0x000001eb32d0ab90 DEOPT UNPACKING pc=0x000001eb3bda2b43 sp=0x0000009d401fdbb8 mode 0
Event: 0.901 Thread 0x000001eb32d0ab90 DEOPT PACKING pc=0x000001eb3c45bbb8 sp=0x0000009d401fe6e0
Event: 0.901 Thread 0x000001eb32d0ab90 DEOPT UNPACKING pc=0x000001eb3bda2b43 sp=0x0000009d401fdbb8 mode 0
Event: 0.902 Thread 0x000001eb32d0ab90 DEOPT PACKING pc=0x000001eb3c45bbb8 sp=0x0000009d401fe6e0
Event: 0.902 Thread 0x000001eb32d0ab90 DEOPT UNPACKING pc=0x000001eb3bda2b43 sp=0x0000009d401fdbb8 mode 0
Event: 0.903 Thread 0x000001eb32d0ab90 DEOPT PACKING pc=0x000001eb3c45bbb8 sp=0x0000009d401fe6e0
Event: 0.903 Thread 0x000001eb32d0ab90 DEOPT UNPACKING pc=0x000001eb3bda2b43 sp=0x0000009d401fdbb8 mode 0
Event: 0.947 Thread 0x000001eb32d0ab90 DEOPT PACKING pc=0x000001eb3c46ff0e sp=0x0000009d401fee90
Event: 0.947 Thread 0x000001eb32d0ab90 DEOPT UNPACKING pc=0x000001eb3bda2b43 sp=0x0000009d401fe380 mode 0
Event: 0.952 Thread 0x000001eb32d0ab90 Uncommon trap: trap_request=0xffffff45 fr.pc=0x000001eb4386e370 relative=0x0000000000000d70
Event: 0.952 Thread 0x000001eb32d0ab90 Uncommon trap: reason=unstable_if action=reinterpret pc=0x000001eb4386e370 method=texture.Texture.loadTextureData()Ljava/nio/ByteBuffer; @ 47 c2
Event: 0.952 Thread 0x000001eb32d0ab90 DEOPT PACKING pc=0x000001eb4386e370 sp=0x0000009d401feed0
Event: 0.952 Thread 0x000001eb32d0ab90 DEOPT UNPACKING pc=0x000001eb3bda23a3 sp=0x0000009d401fee88 mode 2
Event: 1.022 Thread 0x000001eb32d0ab90 DEOPT PACKING pc=0x000001eb3c47e10f sp=0x0000009d401fdea0
Event: 1.022 Thread 0x000001eb32d0ab90 DEOPT UNPACKING pc=0x000001eb3bda2b43 sp=0x0000009d401fd2c0 mode 0
Event: 1.024 Thread 0x000001eb32d0ab90 DEOPT PACKING pc=0x000001eb3c3aa052 sp=0x0000009d401fde70
Event: 1.024 Thread 0x000001eb32d0ab90 DEOPT UNPACKING pc=0x000001eb3bda2b43 sp=0x0000009d401fd308 mode 0

Classes unloaded (0 events):
No events

Classes redefined (0 events):
No events

Internal exceptions (20 events):
Event: 0.239 Thread 0x000001eb32d0ab90 Exception <a 'java/lang/NoSuchMethodError'{0x00000007119b8b08}: 'int java.lang.invoke.DirectMethodHandle$Holder.invokeStaticInit(java.lang.Object, java.lang.Object, int, long)'> (0x00000007119b8b08) 
thrown [t:\workspace\open\src\hotspot\share\interpreter\linkResolver.cpp, line 766]
Event: 0.240 Thread 0x000001eb32d0ab90 Exception <a 'java/lang/NoSuchMethodError'{0x00000007119be678}: 'java.lang.Object java.lang.invoke.DirectMethodHandle$Holder.newInvokeSpecial(java.lang.Object, java.lang.Object, int)'> (0x00000007119be678) 
thrown [t:\workspace\open\src\hotspot\share\interpreter\linkResolver.cpp, line 766]
Event: 0.241 Thread 0x000001eb32d0ab90 Exception <a 'java/lang/NoSuchMethodError'{0x00000007119cd6e0}: 'int java.lang.invoke.DirectMethodHandle$Holder.invokeStaticInit(java.lang.Object, java.lang.Object, long, long)'> (0x00000007119cd6e0) 
thrown [t:\workspace\open\src\hotspot\share\interpreter\linkResolver.cpp, line 766]
Event: 0.242 Thread 0x000001eb32d0ab90 Exception <a 'java/lang/NoSuchMethodError'{0x00000007119d3a98}: 'java.lang.Object java.lang.invoke.DirectMethodHandle$Holder.newInvokeSpecial(java.lang.Object, java.lang.Object, long)'> (0x00000007119d3a98) 
thrown [t:\workspace\open\src\hotspot\share\interpreter\linkResolver.cpp, line 766]
Event: 0.242 Thread 0x000001eb32d0ab90 Exception <a 'java/lang/NoSuchMethodError'{0x00000007119d7d88}: 'java.lang.Object java.lang.invoke.Invokers$Holder.linkToTargetMethod(java.lang.Object, long, java.lang.Object)'> (0x00000007119d7d88) 
thrown [t:\workspace\open\src\hotspot\share\interpreter\linkResolver.cpp, line 766]
Event: 0.243 Thread 0x000001eb32d0ab90 Exception <a 'java/lang/NoSuchMethodError'{0x00000007119df4a0}: 'int java.lang.invoke.DirectMethodHandle$Holder.invokeStaticInit(java.lang.Object, java.lang.Object, java.lang.Object, long)'> (0x00000007119df4a0) 
thrown [t:\workspace\open\src\hotspot\share\interpreter\linkResolver.cpp, line 766]
Event: 0.495 Thread 0x000001eb32d0ab90 Exception <a 'java/lang/NoSuchMethodError'{0x00000007116677d8}: 'java.lang.Object java.lang.invoke.DirectMethodHandle$Holder.newInvokeSpecial(java.lang.Object, java.lang.Object, int, int)'> (0x00000007116677d8) 
thrown [t:\workspace\open\src\hotspot\share\interpreter\linkResolver.cpp, line 766]
Event: 0.595 Thread 0x000001eb32d0ab90 Exception <a 'sun/nio/fs/WindowsException'{0x00000007117914b0}> (0x00000007117914b0) 
thrown [t:\workspace\open\src\hotspot\share\prims\jni.cpp, line 516]
Event: 0.595 Thread 0x000001eb32d0ab90 Exception <a 'sun/nio/fs/WindowsException'{0x0000000711791850}> (0x0000000711791850) 
thrown [t:\workspace\open\src\hotspot\share\prims\jni.cpp, line 516]
Event: 0.603 Thread 0x000001eb32d0ab90 Exception <a 'sun/nio/fs/WindowsException'{0x000000071179ceb8}> (0x000000071179ceb8) 
thrown [t:\workspace\open\src\hotspot\share\prims\jni.cpp, line 516]
Event: 0.603 Thread 0x000001eb32d0ab90 Exception <a 'sun/nio/fs/WindowsException'{0x000000071179d188}> (0x000000071179d188) 
thrown [t:\workspace\open\src\hotspot\share\prims\jni.cpp, line 516]
Event: 0.836 Thread 0x000001eb32d0ab90 Exception <a 'java/lang/ClassNotFoundException'{0x0000000711082710}: sun/awt/resources/spi/awtProvider> (0x0000000711082710) 
thrown [t:\workspace\open\src\hotspot\share\classfile\systemDictionary.cpp, line 256]
Event: 0.847 Thread 0x000001eb32d0ab90 Exception <a 'java/io/FileNotFoundException'{0x00000007110c8d60}> (0x00000007110c8d60) 
thrown [t:\workspace\open\src\hotspot\share\prims\jni.cpp, line 516]
Event: 0.853 Thread 0x000001eb32d0ab90 Exception <a 'java/io/FileNotFoundException'{0x00000007110f6220}> (0x00000007110f6220) 
thrown [t:\workspace\open\src\hotspot\share\prims\jni.cpp, line 516]
Event: 0.975 Thread 0x000001eb32d0ab90 Exception <a 'sun/nio/fs/WindowsException'{0x0000000711889900}> (0x0000000711889900) 
thrown [t:\workspace\open\src\hotspot\share\prims\jni.cpp, line 516]
Event: 0.975 Thread 0x000001eb32d0ab90 Exception <a 'sun/nio/fs/WindowsException'{0x0000000711889c78}> (0x0000000711889c78) 
thrown [t:\workspace\open\src\hotspot\share\prims\jni.cpp, line 516]
Event: 1.015 Thread 0x000001eb32d0ab90 Exception <a 'sun/nio/fs/WindowsException'{0x0000000711899c68}> (0x0000000711899c68) 
thrown [t:\workspace\open\src\hotspot\share\prims\jni.cpp, line 516]
Event: 1.015 Thread 0x000001eb32d0ab90 Exception <a 'sun/nio/fs/WindowsException'{0x0000000711899fe8}> (0x0000000711899fe8) 
thrown [t:\workspace\open\src\hotspot\share\prims\jni.cpp, line 516]
Event: 1.108 Thread 0x000001eb32d0ab90 Exception <a 'sun/nio/fs/WindowsException'{0x000000071163a768}> (0x000000071163a768) 
thrown [t:\workspace\open\src\hotspot\share\prims\jni.cpp, line 516]
Event: 1.108 Thread 0x000001eb32d0ab90 Exception <a 'sun/nio/fs/WindowsException'{0x000000071163aae8}> (0x000000071163aae8) 
thrown [t:\workspace\open\src\hotspot\share\prims\jni.cpp, line 516]

VM Operations (10 events):
Event: 0.058 Executing VM operation: HandshakeAllThreads
Event: 0.058 Executing VM operation: HandshakeAllThreads done
Event: 0.110 Executing VM operation: HandshakeAllThreads
Event: 0.110 Executing VM operation: HandshakeAllThreads done
Event: 0.832 Executing VM operation: HandshakeAllThreads
Event: 0.832 Executing VM operation: HandshakeAllThreads done
Event: 0.944 Executing VM operation: G1CollectForAllocation
Event: 0.946 Executing VM operation: G1CollectForAllocation done
Event: 1.095 Executing VM operation: HandshakeAllThreads
Event: 1.095 Executing VM operation: HandshakeAllThreads done

Events (20 events):
Event: 1.080 loading class sun/util/locale/provider/BaseLocaleDataMetaInfo
Event: 1.080 loading class sun/util/locale/provider/BaseLocaleDataMetaInfo done
Event: 1.081 loading class sun/util/resources/cldr/TimeZoneNames
Event: 1.081 loading class sun/util/resources/TimeZoneNamesBundle
Event: 1.081 loading class sun/util/resources/OpenListResourceBundle
Event: 1.081 loading class sun/util/resources/OpenListResourceBundle done
Event: 1.081 loading class sun/util/resources/TimeZoneNamesBundle done
Event: 1.081 loading class sun/util/resources/cldr/TimeZoneNames done
Event: 1.082 loading class sun/util/resources/cldr/TimeZoneNames_en
Event: 1.082 loading class sun/util/resources/cldr/TimeZoneNames_en done
Event: 1.083 loading class sun/util/resources/cldr/TimeZoneNames_en_US
Event: 1.083 loading class sun/util/resources/cldr/TimeZoneNames_en_US done
Event: 1.084 loading class sun/util/resources/TimeZoneNames
Event: 1.085 loading class sun/util/resources/TimeZoneNames done
Event: 1.085 loading class sun/util/resources/TimeZoneNames_en
Event: 1.085 loading class sun/util/resources/TimeZoneNames_en done
Event: 1.110 Loaded shared library C:\Users\Kamil\AppData\Local\Temp\lwjgl_Kamil\3.3.6+1\x64\lwjgl_stb.dll
Event: 1.115 loading class java/lang/AssertionError
Event: 1.115 loading class java/lang/AssertionError done
Event: 1.128 Thread 0x000001eb61329a70 Thread added: 0x000001eb61329a70


Dynamic libraries:
0x00007ff6e2be0000 - 0x00007ff6e2bf0000 	C:\Program Files\Java\jdk-17.0.2\bin\java.exe
0x00007ff96d0f0000 - 0x00007ff96d2e8000 	C:\WINDOWS\SYSTEM32\ntdll.dll
0x00007ff96ba80000 - 0x00007ff96bb42000 	C:\WINDOWS\System32\KERNEL32.DLL
0x00007ff96a930000 - 0x00007ff96ac26000 	C:\WINDOWS\System32\KERNELBASE.dll
0x00007ff96ac30000 - 0x00007ff96ad30000 	C:\WINDOWS\System32\ucrtbase.dll
0x00007ff92f740000 - 0x00007ff92f758000 	C:\Program Files\Java\jdk-17.0.2\bin\jli.dll
0x00007ff9301b0000 - 0x00007ff9301ca000 	C:\Program Files\Java\jdk-17.0.2\bin\VCRUNTIME140.dll
0x00007ff96cae0000 - 0x00007ff96cb91000 	C:\WINDOWS\System32\ADVAPI32.dll
0x00007ff96c7d0000 - 0x00007ff96c86e000 	C:\WINDOWS\System32\msvcrt.dll
0x00007ff96bb50000 - 0x00007ff96bbef000 	C:\WINDOWS\System32\sechost.dll
0x00007ff96b340000 - 0x00007ff96b460000 	C:\WINDOWS\System32\RPCRT4.dll
0x00007ff96ae60000 - 0x00007ff96ae87000 	C:\WINDOWS\System32\bcrypt.dll
0x00007ff96c890000 - 0x00007ff96ca31000 	C:\WINDOWS\System32\USER32.dll
0x00007ff96ae90000 - 0x00007ff96aeb2000 	C:\WINDOWS\System32\win32u.dll
0x00007ff9573e0000 - 0x00007ff95767b000 	C:\WINDOWS\WinSxS\amd64_microsoft.windows.common-controls_6595b64144ccf1df_6.0.19041.6456_none_60b8a6cb71f64256\COMCTL32.dll
0x00007ff96cab0000 - 0x00007ff96cadb000 	C:\WINDOWS\System32\GDI32.dll
0x00007ff96af50000 - 0x00007ff96b069000 	C:\WINDOWS\System32\gdi32full.dll
0x00007ff96b070000 - 0x00007ff96b10d000 	C:\WINDOWS\System32\msvcp_win.dll
0x00007ff963fd0000 - 0x00007ff963fda000 	C:\WINDOWS\SYSTEM32\VERSION.dll
0x00007ff96c6c0000 - 0x00007ff96c6ef000 	C:\WINDOWS\System32\IMM32.DLL
0x00007ff966210000 - 0x00007ff96621c000 	C:\Program Files\Java\jdk-17.0.2\bin\vcruntime140_1.dll
0x00007ff8f5990000 - 0x00007ff8f5a1d000 	C:\Program Files\Java\jdk-17.0.2\bin\msvcp140.dll
0x00007ff8f3820000 - 0x00007ff8f43e1000 	C:\Program Files\Java\jdk-17.0.2\bin\server\jvm.dll
0x00007ff96c880000 - 0x00007ff96c888000 	C:\WINDOWS\System32\PSAPI.DLL
0x00007ff966200000 - 0x00007ff966209000 	C:\WINDOWS\SYSTEM32\WSOCK32.dll
0x00007ff96ca40000 - 0x00007ff96caab000 	C:\WINDOWS\System32\WS2_32.dll
0x00007ff95fb60000 - 0x00007ff95fb87000 	C:\WINDOWS\SYSTEM32\WINMM.dll
0x00007ff968f50000 - 0x00007ff968f62000 	C:\WINDOWS\SYSTEM32\kernel.appcore.dll
0x00007ff94c8b0000 - 0x00007ff94c8ba000 	C:\Program Files\Java\jdk-17.0.2\bin\jimage.dll
0x00007ff968490000 - 0x00007ff968691000 	C:\WINDOWS\SYSTEM32\DBGHELP.DLL
0x00007ff946d20000 - 0x00007ff946d54000 	C:\WINDOWS\SYSTEM32\dbgcore.DLL
0x00007ff96aec0000 - 0x00007ff96af42000 	C:\WINDOWS\System32\bcryptPrimitives.dll
0x00007ff94c850000 - 0x00007ff94c85e000 	C:\Program Files\Java\jdk-17.0.2\bin\instrument.dll
0x00007ff90be90000 - 0x00007ff90beb5000 	C:\Program Files\Java\jdk-17.0.2\bin\java.dll
0x00007ff8f58b0000 - 0x00007ff8f5986000 	C:\Program Files\Java\jdk-17.0.2\bin\jsvml.dll
0x00007ff96bbf0000 - 0x00007ff96c360000 	C:\WINDOWS\System32\SHELL32.dll
0x00007ff968790000 - 0x00007ff968f35000 	C:\WINDOWS\SYSTEM32\windows.storage.dll
0x00007ff96c360000 - 0x00007ff96c6b4000 	C:\WINDOWS\System32\combase.dll
0x00007ff96a1b0000 - 0x00007ff96a1db000 	C:\WINDOWS\SYSTEM32\Wldp.dll
0x00007ff96b110000 - 0x00007ff96b1dd000 	C:\WINDOWS\System32\OLEAUT32.dll
0x00007ff96cbc0000 - 0x00007ff96cc6d000 	C:\WINDOWS\System32\SHCORE.dll
0x00007ff96ccd0000 - 0x00007ff96cd2b000 	C:\WINDOWS\System32\shlwapi.dll
0x00007ff96a6b0000 - 0x00007ff96a6d4000 	C:\WINDOWS\SYSTEM32\profapi.dll
0x00007ff92d0b0000 - 0x00007ff92d0c8000 	C:\Program Files\Java\jdk-17.0.2\bin\zip.dll
0x00007ff92d050000 - 0x00007ff92d069000 	C:\Program Files\Java\jdk-17.0.2\bin\net.dll
0x00007ff963460000 - 0x00007ff96356a000 	C:\WINDOWS\SYSTEM32\WINHTTP.dll
0x00007ff969e40000 - 0x00007ff969eaa000 	C:\WINDOWS\system32\mswsock.dll
0x00007ff92c430000 - 0x00007ff92c446000 	C:\Program Files\Java\jdk-17.0.2\bin\nio.dll
0x00007ff90be70000 - 0x00007ff90be8a000 	D:\Program Files\itellij\IntelliJ IDEA 2021.3.3\bin\breakgen64.dll
0x00007ff8f57e0000 - 0x00007ff8f585e000 	C:\Users\Kamil\AppData\Local\Temp\lwjgl_Kamil\3.3.6+1\x64\lwjgl.dll
0x00007ff8f5520000 - 0x00007ff8f55a9000 	C:\Users\Kamil\AppData\Local\Temp\lwjgl_Kamil\3.3.6+1\x64\glfw.dll
0x00007ff8f5790000 - 0x00007ff8f57d5000 	C:\WINDOWS\SYSTEM32\dinput8.dll
0x00007ff906c60000 - 0x00007ff906c71000 	C:\WINDOWS\SYSTEM32\xinput1_4.dll
0x00007ff96a780000 - 0x00007ff96a7ce000 	C:\WINDOWS\System32\cfgmgr32.dll
0x00007ff96a510000 - 0x00007ff96a543000 	C:\WINDOWS\SYSTEM32\DEVOBJ.dll
0x00007ff967fe0000 - 0x00007ff96800e000 	C:\WINDOWS\SYSTEM32\dwmapi.dll
0x00007ff93ffd0000 - 0x00007ff940122000 	C:\WINDOWS\SYSTEM32\inputhost.dll
0x00007ff967a10000 - 0x00007ff967b04000 	C:\WINDOWS\SYSTEM32\PROPSYS.dll
0x00007ff9665c0000 - 0x00007ff96691b000 	C:\WINDOWS\SYSTEM32\CoreUIComponents.dll
0x00007ff967420000 - 0x00007ff967577000 	C:\WINDOWS\SYSTEM32\wintypes.dll
0x00007ff966a50000 - 0x00007ff966b42000 	C:\WINDOWS\SYSTEM32\CoreMessaging.dll
0x00007ff969960000 - 0x00007ff969993000 	C:\WINDOWS\SYSTEM32\ntmarta.dll
0x00007ff9671e0000 - 0x00007ff96727e000 	C:\WINDOWS\system32\uxtheme.dll
0x0000000180000000 - 0x0000000180272000 	D:\Program Files (x86)\RivaTuner Statistics Server\RTSSHooks64.dll
0x00007ff96cf90000 - 0x00007ff96d0a5000 	C:\WINDOWS\System32\MSCTF.dll
0x00007ff93d880000 - 0x00007ff93d9a8000 	C:\WINDOWS\SYSTEM32\opengl32.dll
0x00007ff93f490000 - 0x00007ff93f4bc000 	C:\WINDOWS\SYSTEM32\GLU32.dll
0x00007ff96cd30000 - 0x00007ff96cdd9000 	C:\WINDOWS\System32\clbcatq.dll
0x00007ff8f2180000 - 0x00007ff8f3225000 	C:\WINDOWS\System32\DriverStore\FileRepository\iigd_dch.inf_amd64_d0e181bba89305c6\ig9icd64.dll
0x00007ff96b4e0000 - 0x00007ff96b60b000 	C:\WINDOWS\System32\ole32.dll
0x00007ff968fc0000 - 0x00007ff9690b6000 	C:\WINDOWS\system32\dxgi.dll
0x00007ff8f53b0000 - 0x00007ff8f54dc000 	C:\WINDOWS\System32\DriverStore\FileRepository\iigd_dch.inf_amd64_d0e181bba89305c6\igdml64.dll
0x00007ff95bae0000 - 0x00007ff95bee9000 	C:\WINDOWS\System32\DriverStore\FileRepository\iigd_dch.inf_amd64_d0e181bba89305c6\igdgmm64.dll
0x00007ff958340000 - 0x00007ff95bad6000 	C:\WINDOWS\System32\DriverStore\FileRepository\iigd_dch.inf_amd64_d0e181bba89305c6\igc64.dll
0x00007ff96a0e0000 - 0x00007ff96a12b000 	C:\WINDOWS\SYSTEM32\powrprof.dll
0x00007ff96a070000 - 0x00007ff96a082000 	C:\WINDOWS\SYSTEM32\UMPDC.dll
0x00007ff94b450000 - 0x00007ff94b460000 	C:\Program Files\Java\jdk-17.0.2\bin\verify.dll
0x00007ff949e20000 - 0x00007ff949f19000 	C:\WINDOWS\SYSTEM32\textinputframework.dll
0x00007ff8f5190000 - 0x00007ff8f51ed000 	C:\Users\Kamil\AppData\Local\Temp\lwjgl_Kamil\3.3.6+1\x64\lwjgl_opengl.dll
0x00007ff8f1ff0000 - 0x00007ff8f217f000 	C:\Program Files\Java\jdk-17.0.2\bin\awt.dll
0x00007ff966db0000 - 0x00007ff966e44000 	C:\WINDOWS\SYSTEM32\apphelp.dll
0x00007ff8f36e0000 - 0x00007ff8f3813000 	C:\Users\Kamil\AppData\Local\Temp\lwjgl_Kamil\3.3.6+1\x64\draco.dll
0x00007ff8f13d0000 - 0x00007ff8f192f000 	C:\Users\Kamil\AppData\Local\Temp\lwjgl_Kamil\3.3.6+1\x64\assimp.dll
0x00007ff8f1f50000 - 0x00007ff8f1fe9000 	C:\Users\Kamil\AppData\Local\Temp\lwjgl_Kamil\3.3.6+1\x64\lwjgl_stb.dll

dbghelp: loaded successfully - version: 4.0.5 - missing functions: none
symbol engine: initialized successfully - sym options: 0x614 - pdb path: .;C:\Program Files\Java\jdk-17.0.2\bin;C:\WINDOWS\SYSTEM32;C:\WINDOWS\WinSxS\amd64_microsoft.windows.common-controls_6595b64144ccf1df_6.0.19041.6456_none_60b8a6cb71f64256;C:\Program Files\Java\jdk-17.0.2\bin\server;D:\Program Files\itellij\IntelliJ IDEA 2021.3.3\bin;C:\Users\Kamil\AppData\Local\Temp\lwjgl_Kamil\3.3.6+1\x64;D:\Program Files (x86)\RivaTuner Statistics Server;C:\WINDOWS\System32\DriverStore\FileRepository\iigd_dch.inf_amd64_d0e181bba89305c6

VM Arguments:
jvm_args: -javaagent:D:\Program Files\itellij\IntelliJ IDEA 2021.3.3\lib\idea_rt.jar=49538:D:\Program Files\itellij\IntelliJ IDEA 2021.3.3\bin -Dfile.encoding=UTF-8 
java_command: org.example.App
java_class_path (initial): D:\biezace-projekty\metin2\target\classes;C:\Users\Kamil\.m2\repository\org\lwjgl\lwjgl\3.3.6\lwjgl-3.3.6.jar;C:\Users\Kamil\.m2\repository\org\lwjgl\lwjgl-glfw\3.3.6\lwjgl-glfw-3.3.6.jar;C:\Users\Kamil\.m2\repository\org\lwjgl\lwjgl-opengl\3.3.6\lwjgl-opengl-3.3.6.jar;C:\Users\Kamil\.m2\repository\org\lwjgl\lwjgl-assimp\3.3.6\lwjgl-assimp-3.3.6.jar;C:\Users\Kamil\.m2\repository\org\lwjgl\lwjgl-stb\3.3.6\lwjgl-stb-3.3.6.jar;C:\Users\Kamil\.m2\repository\org\lwjgl\lwjgl\3.3.6\lwjgl-3.3.6-natives-windows.jar;C:\Users\Kamil\.m2\repository\org\lwjgl\lwjgl-glfw\3.3.6\lwjgl-glfw-3.3.6-natives-windows.jar;C:\Users\Kamil\.m2\repository\org\lwjgl\lwjgl-opengl\3.3.6\lwjgl-opengl-3.3.6-natives-windows.jar;C:\Users\Kamil\.m2\repository\org\lwjgl\lwjgl-assimp\3.3.6\lwjgl-assimp-3.3.6-natives-windows.jar;C:\Users\Kamil\.m2\repository\org\lwjgl\lwjgl-stb\3.3.6\lwjgl-stb-3.3.6-natives-windows.jar;C:\Users\Kamil\.m2\repository\org\joml\joml\1.10.8\joml-1.10.8.jar;C:\Users\Kamil\.m2\repository\com\fasterxml\jackson\core\jackson-databind\2.19.0\jackson-databind-2.19.0.jar;C:\Users\Kamil\.m2\repository\com\fasterxml\jackson\core\jackson-annotations\2.19.0\jackson-annotations-2.19.0.jar;C:\Users\Kamil\.m2\repository\com\fasterxml\jackson\core\jackson-core\2.19.0\jackson-core-2.19.0.jar
Launcher Type: SUN_STANDARD

[Global flags]
     intx CICompilerCount                          = 4                                         {product} {ergonomic}
     uint ConcGCThreads                            = 2                                         {product} {ergonomic}
     uint G1ConcRefinementThreads                  = 8                                         {product} {ergonomic}
   size_t G1HeapRegionSize                         = 2097152                                   {product} {ergonomic}
    uintx GCDrainStackTargetSize                   = 64                                        {product} {ergonomic}
   size_t InitialHeapSize                          = 268435456                                 {product} {ergonomic}
   size_t MarkStackSize                            = 4194304                                   {product} {ergonomic}
   size_t MaxHeapSize                              = 4263510016                                {product} {ergonomic}
   size_t MaxNewSize                               = 2556428288                                {product} {ergonomic}
   size_t MinHeapDeltaBytes                        = 2097152                                   {product} {ergonomic}
   size_t MinHeapSize                              = 8388608                                   {product} {ergonomic}
    uintx NonNMethodCodeHeapSize                   = 5839372                                {pd product} {ergonomic}
    uintx NonProfiledCodeHeapSize                  = 122909434                              {pd product} {ergonomic}
    uintx ProfiledCodeHeapSize                     = 122909434                              {pd product} {ergonomic}
    uintx ReservedCodeCacheSize                    = 251658240                              {pd product} {ergonomic}
     bool SegmentedCodeCache                       = true                                      {product} {ergonomic}
   size_t SoftMaxHeapSize                          = 4263510016                             {manageable} {ergonomic}
     bool UseCompressedClassPointers               = true                           {product lp64_product} {ergonomic}
     bool UseCompressedOops                        = true                           {product lp64_product} {ergonomic}
     bool UseG1GC                                  = true                                      {product} {ergonomic}
     bool UseLargePagesIndividualAllocation        = false                                  {pd product} {ergonomic}

Logging:
Log output configuration:
 #0: stdout all=warning uptime,level,tags
 #1: stderr all=off uptime,level,tags

Environment Variables:
JAVA_HOME=C:\Program Files\Java\jdk-17.0.2
PATH=C:\Program Files\Microsoft SDKs\Azure\CLI2\wbin;C:\Program Files\Python310\Scripts\;C:\Program Files\Python310\;D:\Program Files\NVIDIA GPU Computing Toolkit\CUDA\v11.2\bin;D:\Program Files\NVIDIA GPU Computing Toolkit\CUDA\v11.2\libnvvp;C:\oraclexe\app\oracle\product\11.2.0\server\bin;C:\Windows\system32;C:\Windows;C:\Windows\System32\Wbem;C:\Windows\System32\WindowsPowerShell\v1.0;C:\Program Files\NVIDIA Corporation\NVIDIA NvDLISR;C:\Program Files\Maven\apache-maven-3.6.3-bin\apache-maven-3.6.3\bin;C:\Program Files (x86)\NVIDIA Corporation\PhysX\Common;D:\Program Files\;C:\WINDOWS\System32\OpenSSH\;C:\Windows\system32;C:\Windows;C:\Windows\System32\Wbem;C:\Windows\System32\WindowsPowerShell\v1.0;C:\Program Files\NVIDIA Corporation\NVIDIA NvDLISR;C:\Program Files (x86)\NASM;C:\Program Files (x86)\NVIDIA Corporation\PhysX\Common;D:\Program Files\;C:\WINDOWS\System32\OpenSSH\;C:\Program Files\PuTTY\;C:\Users\Kamil\AppData\Local\Programs\Microsoft VS Code\bin;C:\Program Files\Java\jdk-17.0.2\bin;D:\Program Files\cudnn-10.2-windows10-x64-v8.1.0.77\cuda\bin;C:\Program Files\NVIDIA Corporation\Nsight Compute 2020.3.0\;C:\Users\Kamil\AppData\Local\Packages\PythonSoftwareFoundation.Python.3.10_qbz5n2kfra8p0\LocalCache\local-packages\Python310\Scripts;D:\Program Files\NVIDIA GPU Computing Toolkit\CUDA\v11.2\bin;D:\Program Files\NVIDIA GPU Computing Toolkit\CUDA\v11.2\libnvvp;D:\Program Files\NVIDIA GPU Computing Toolkit\CUDA\v11.2\extras\CUPTI\include;D:\Program Files\NVIDIA GPU Computing Toolkit\CUDA\v11.2\extras\CUPTI\lib64;C:\Program Files (x86)\Google\Cloud SDK\google-cloud-sdk\bin;D:\Program Files\Git\cmd;D:\Program Files\Minikube;D:\Program Files\helm;C:\Program Files\Docker\Docker\resources\bin;C:\mingw64\mingw64\bin;C:\Program Files\dotnet\;C:\chyba-mingw\msys64\ucrt64\bin;C:\Users\Kamil\AppData\Local\Microsoft\WindowsApps;C:\Users\Kamil\AppData\Local\Programs\Microsoft VS Code\bin;C:\Users\Kamil\.dotnet\tools;C:\Program Files\JetBrains\CLion 2020.3.2\bin;D:\Progr
USERNAME=Kamil
OS=Windows_NT
PROCESSOR_IDENTIFIER=Intel64 Family 6 Model 158 Stepping 10, GenuineIntel



---------------  S Y S T E M  ---------------

OS:
 Windows 10 , 64 bit Build 19041 (10.0.19041.5915)
OS uptime: 0 days 11:48 hours
Hyper-V role detected

CPU: total 8 (initial active 8) (4 cores per cpu, 2 threads per core) family 6 model 158 stepping 10 microcode 0xde, cx8, cmov, fxsr, ht, mmx, 3dnowpref, sse, sse2, sse3, ssse3, sse4.1, sse4.2, popcnt, lzcnt, tsc, tscinvbit, avx, avx2, aes, erms, clmul, bmi1, bmi2, adx, fma, vzeroupper, clflush, clflushopt, hv

Memory: 4k page, system-wide physical 16258M (3533M free)
TotalPageFile size 22746M (AvailPageFile size 3895M)
current process WorkingSet (physical memory assigned to process): 172M, peak: 183M
current process commit charge ("private bytes"): 408M, peak: 419M

vm_info: Java HotSpot(TM) 64-Bit Server VM (17.0.2+8-LTS-86) for windows-amd64 JRE (17.0.2+8-LTS-86), built on Dec  7 2021 21:51:03 by "mach5one" with MS VC++ 16.8 / 16.9 (VS2019)

END.
